
Begin testing 'Deploy all contracts' at= 2023-07-27T22:47:44.482Z

Using network=Berkeley, proofsEnabled=true

Run on Mina.Berkeley
deployer Addr= B62qo1gZFRgGhsozfGeqHv9bbkACr2sHA7qRsf4r9Tadk3dHH3Fwwmy
sender Addr= B62qo1gZFRgGhsozfGeqHv9bbkACr2sHA7qRsf4r9Tadk3dHH3Fwwmy

Compiling Contracts ...
with proofsEnabled= true

Deploying 'CommunitiesContract' ...
zkApp instance Addr=B62qpR6S14JFz4A8iNU4MBdhJQYuJJUfwtq7bV4og6J9y5rtDSM868w
zkApp instance Key=EKE7v47fWoU4qeCypbqhKEDuCcUQAMNsqyVx3qGVzbXyjRVkw5q8
zkApp instance created for CommunitiesContract
zkApp instance deployed !
zkApp account exists !
waiting for zkApp account to be fully available ...
waiting for zkApp account to be fully available ...
waiting for zkApp account to be fully available ...
waiting for zkApp account to be fully available ...
waiting for zkApp account to be fully available ...
waiting for zkApp account to be fully available ...
waiting for zkApp account to be fully available ...
waiting for zkApp account to be fully available ...
waiting for zkApp account to be fully available ...
waiting for zkApp account to be fully available ...
waiting for zkApp account to be fully available ...
waiting for zkApp account to be fully available ...
waiting for zkApp account to be fully available ...
waiting for zkApp account to be fully available ...
waiting for zkApp account to be fully available ...
waiting for zkApp account to be fully available ...
waiting for zkApp account to be fully available ...
waiting for zkApp account to be fully available ...
waiting for zkApp account to be fully available ...
waiting for zkApp account to be fully available ...
waiting for zkApp account to be fully available ...
waiting for zkApp account to be fully available ...
waiting for zkApp account to be fully available ...
waiting for zkApp account to be fully available ...
waiting for zkApp account to be fully available ...
waiting for zkApp account to be fully available ...
waiting for zkApp account to be fully available ...
waiting for zkApp account to be fully available ...
waiting for zkApp account to be fully available ...
waiting for zkApp account to be fully available ...
waiting for zkApp account to be fully available ...
waiting for zkApp account to be fully available ...
waiting for zkApp account to be fully available ...

Deploying 'ClaimingsContract' ...
zkApp instance Addr=B62qkhrn495MQ8U91wpJwMXAAE3n1CeJpTyvykkzSRSVWUyybX2yQp7
zkApp instance Key=EKF275Z4ZUfYdDFdPgKzMzT1K9FfbZKvYbGatdB1yYFPtTF228H4
zkApp instance created for ClaimingsContract
zkApp instance deployed !
zkApp account exists !
waiting for zkApp account to be fully available ...
waiting for zkApp account to be fully available ...
waiting for zkApp account to be fully available ...
waiting for zkApp account to be fully available ...
waiting for zkApp account to be fully available ...
waiting for zkApp account to be fully available ...
waiting for zkApp account to be fully available ...
waiting for zkApp account to be fully available ...
waiting for zkApp account to be fully available ...
waiting for zkApp account to be fully available ...
waiting for zkApp account to be fully available ...
waiting for zkApp account to be fully available ...
waiting for zkApp account to be fully available ...
waiting for zkApp account to be fully available ...
waiting for zkApp account to be fully available ...
waiting for zkApp account to be fully available ...
waiting for zkApp account to be fully available ...
waiting for zkApp account to be fully available ...
waiting for zkApp account to be fully available ...
waiting for zkApp account to be fully available ...
waiting for zkApp account to be fully available ...
waiting for zkApp account to be fully available ...
waiting for zkApp account to be fully available ...
waiting for zkApp account to be fully available ...

Begin testing 'Deploy all contracts' at= 2023-07-27T23:11:32.993Z

Using network=Berkeley, proofsEnabled=true

Run on Mina.Berkeley
deployer Addr= B62qo1gZFRgGhsozfGeqHv9bbkACr2sHA7qRsf4r9Tadk3dHH3Fwwmy
sender Addr= B62qo1gZFRgGhsozfGeqHv9bbkACr2sHA7qRsf4r9Tadk3dHH3Fwwmy

Compiling Contracts ...
with proofsEnabled= true

Deploying 'ElectorsContract' ...
zkApp instance Addr=B62qoDKpskFZwQ8ULYEbGdxFZKDnjz6kDNBHasZXmxu34QK2LCEGEyY
zkApp instance Key=EKEjKk5GMjzGVFuoxaasE5CLePwUqMs5EJAjjkWpuhKmTRunqLvA
zkApp instance created for ElectorsContract
zkApp instance deployed !
zkApp account exists !
waiting for zkApp account to be fully available ...
waiting for zkApp account to be fully available ...
waiting for zkApp account to be fully available ...
waiting for zkApp account to be fully available ...
waiting for zkApp account to be fully available ...
waiting for zkApp account to be fully available ...
waiting for zkApp account to be fully available ...
waiting for zkApp account to be fully available ...
waiting for zkApp account to be fully available ...
waiting for zkApp account to be fully available ...
waiting for zkApp account to be fully available ...
waiting for zkApp account to be fully available ...
waiting for zkApp account to be fully available ...
waiting for zkApp account to be fully available ...
waiting for zkApp account to be fully available ...
waiting for zkApp account to be fully available ...
waiting for zkApp account to be fully available ...
waiting for zkApp account to be fully available ...
waiting for zkApp account to be fully available ...
waiting for zkApp account to be fully available ...
waiting for zkApp account to be fully available ...
waiting for zkApp account to be fully available ...
waiting for zkApp account to be fully available ...
waiting for zkApp account to be fully available ...
waiting for zkApp account to be fully available ...
waiting for zkApp account to be fully available ...
waiting for zkApp account to be fully available ...
waiting for zkApp account to be fully available ...
waiting for zkApp account to be fully available ...
waiting for zkApp account to be fully available ...
waiting for zkApp account to be fully available ...
waiting for zkApp account to be fully available ...
waiting for zkApp account to be fully available ...
waiting for zkApp account to be fully available ...
waiting for zkApp account to be fully available ...
waiting for zkApp account to be fully available ...
waiting for zkApp account to be fully available ...
waiting for zkApp account to be fully available ...
waiting for zkApp account to be fully available ...
waiting for zkApp account to be fully available ...
waiting for zkApp account to be fully available ...
waiting for zkApp account to be fully available ...
waiting for zkApp account to be fully available ...
waiting for zkApp account to be fully available ...
waiting for zkApp account to be fully available ...
waiting for zkApp account to be fully available ...
waiting for zkApp account to be fully available ...
waiting for zkApp account to be fully available ...
waiting for zkApp account to be fully available ...
waiting for zkApp account to be fully available ...
waiting for zkApp account to be fully available ...
waiting for zkApp account to be fully available ...
waiting for zkApp account to be fully available ...
waiting for zkApp account to be fully available ...
waiting for zkApp account to be fully available ...
waiting for zkApp account to be fully available ...
waiting for zkApp account to be fully available ...
waiting for zkApp account to be fully available ...
waiting for zkApp account to be fully available ...
waiting for zkApp account to be fully available ...
waiting for zkApp account to be fully available ...
waiting for zkApp account to be fully available ...
waiting for zkApp account to be fully available ...
waiting for zkApp account to be fully available ...
waiting for zkApp account to be fully available ...
waiting for zkApp account to be fully available ...
waiting for zkApp account to be fully available ...
zkApp is available now !


