
Begin testing 'SocialcapContract' at= 2023-07-29T20:02:11.144Z

Using network=Berkeley, proofsEnabled=true

Run on Mina.Berkeley
deployer Addr= B62qo1gZFRgGhsozfGeqHv9bbkACr2sHA7qRsf4r9Tadk3dHH3Fwwmy
sender Addr= B62qixo7ZaNjibjRh3dhU1rNLVzNUqDtgwyUB6n9xxYFrHEHmfJXbBf

Using 'SocialcapContract' ...

Compiling SocialcapContract ..
compiled done !

zkApp account exists ? true
zkApp status= 2000000000,0,0,0,18689801249962374582982538241906444792436918136114537280477755532959205424775,0,0,0
zkApp instance for SocialcapContract at ADDR=B62qmkZq3jJJDyq7kW5Q4sEEq6CbdpzZTw8HDvWmXt9p7Ekxyau441C

sendDeposit from= B62qixo7ZaNjibjRh3dhU1rNLVzNUqDtgwyUB6n9xxYFrHEHmfJXbBf  amount= UInt64 { value: Field { value: [ 0, [Uint8Array] ] } }
Transaction at https://berkeley.minaexplorer.com/transaction/5JtmnVEeFpncdfmzmbRGoH8CJEygtTpYSEissk1QDnHqJMohdAVE
... waiting for transaction to be included...

sendDeposit from= B62qixo7ZaNjibjRh3dhU1rNLVzNUqDtgwyUB6n9xxYFrHEHmfJXbBf  amount= UInt64 { value: Field { value: [ 0, [Uint8Array] ] } }
Error: Failed to send transaction {
  statusCode: 200,
  statusText: `Couldn't send zkApp command: ["Insufficient_replace_fee"]`
}
error sending transaction (see above)
Transaction at https://berkeley.minaexplorer.com/transaction/undefined
... waiting for transaction to be included...
Socialcap totalDeposits= UInt64 { value: Field { value: [ 0, [Uint8Array] ] } }

===========================================================================================================================================


Begin testing 'SocialcapContract' at= 2023-07-29T20:06:28.602Z

Using network=Berkeley, proofsEnabled=true

Run on Mina.Berkeley
deployer Addr= B62qo1gZFRgGhsozfGeqHv9bbkACr2sHA7qRsf4r9Tadk3dHH3Fwwmy
sender Addr= B62qixo7ZaNjibjRh3dhU1rNLVzNUqDtgwyUB6n9xxYFrHEHmfJXbBf

Using 'SocialcapContract' ...

Compiling SocialcapContract ..
compiled done !

zkApp account exists ? true
zkApp status= 4000000000,0,0,0,18689801249962374582982538241906444792436918136114537280477755532959205424775,0,0,0
zkApp instance for SocialcapContract at ADDR=B62qmkZq3jJJDyq7kW5Q4sEEq6CbdpzZTw8HDvWmXt9p7Ekxyau441C

sendDeposit from= B62qixo7ZaNjibjRh3dhU1rNLVzNUqDtgwyUB6n9xxYFrHEHmfJXbBf  amount= UInt64 { value: Field { value: [ 0, [Uint8Array] ] } }
Transaction at https://berkeley.minaexplorer.com/transaction/5Jus6peot4DWdh2q1gfcKHtG8Wu54B5rVgknxDK8gyvzue6V4nD1
... waiting for transaction to be included...
