
Begin testing 'ElectorsContract' at= 2023-07-27T18:47:09.966Z

Using network=Berkeley, proofsEnabled=true
deployer Addr= B62qo1gZFRgGhsozfGeqHv9bbkACr2sHA7qRsf4r9Tadk3dHH3Fwwmy
sender Addr= B62qo1gZFRgGhsozfGeqHv9bbkACr2sHA7qRsf4r9Tadk3dHH3Fwwmy

Compiling Contract ... [class ElectorsContract extends SmartContract] {
  _methods: [
    {
      methodName: 'assertOnlyDeployer',
      witnessArgs: [Array],
      proofArgs: [],
      allArgs: [Array],
      genericArgs: []
    },
    {
      methodName: 'checkMerkleUpdate',
      witnessArgs: [Array],
      proofArgs: [],
      allArgs: [Array],
      genericArgs: []
    },
    {
      methodName: 'updateTask',
      witnessArgs: [Array],
      proofArgs: [],
      allArgs: [Array],
      genericArgs: []
    },
    {
      methodName: 'updateNullifier',
      witnessArgs: [Array],
      proofArgs: [],
      allArgs: [Array],
      genericArgs: []
    }
  ],
  _maxProofsVerified: 0
}
with proofsEnabled= true
compiled !

Deploying 'ElectorsContract' ...
zkApp instance Addr=B62qocXQGmNApRE1AyHWgJpCU2Chc4svN6fWHeAgL1poTXuxaCzoCL1
zkApp instance Key=EKFWyVZEX4rubWA6a1pwBcyDdMKfeGaEMBBMmo9v9FTpugZAwL1n
zkApp instance created for ElectorsContract
Init tasksRoot 0
