
Begin testing 'VotingContract' at= 2023-07-28T01:52:47.856Z

Using network=Berkeley, proofsEnabled=true

Run on Mina.Berkeley
deployer Addr= B62qo1gZFRgGhsozfGeqHv9bbkACr2sHA7qRsf4r9Tadk3dHH3Fwwmy
sender Addr= B62qo1gZFRgGhsozfGeqHv9bbkACr2sHA7qRsf4r9Tadk3dHH3Fwwmy
proofs enabled= true
compiling Contract ...
compiled !

zkApp instance address=B62qkNrf2DcHrUjSxAdvC71oRKYS2sXpzZgP2JGNM5q6vKT42xVsmEb
zkApp account exists ? {
  account: {
    publicKey: PublicKey { x: [Field], isOdd: [Bool] },
    tokenId: Field { value: [Array] },
    tokenSymbol: '',
    balance: UInt64 { value: [Field] },
    nonce: UInt32 { value: [Field] },
    receiptChainHash: Field { value: [Array] },
    delegate: PublicKey { x: [Field], isOdd: [Bool] },
    votingFor: Field { value: [Array] },
    timing: {
      isTimed: [Bool],
      initialMinimumBalance: [UInt64],
      cliffTime: [UInt32],
      cliffAmount: [UInt64],
      vestingPeriod: [UInt32],
      vestingIncrement: [UInt64]
    },
    permissions: {
      editState: [Object],
      access: [Object],
      send: [Object],
      receive: [Object],
      setDelegate: [Object],
      setPermissions: [Object],
      setVerificationKey: [Object],
      setZkappUri: [Object],
      editActionState: [Object],
      setTokenSymbol: [Object],
      incrementNonce: [Object],
      setVotingFor: [Object],
      setTiming: [Object]
    },
    zkapp: {
      appState: [Array],
      verificationKey: [Object],
      zkappVersion: [UInt32],
      actionState: [Array],
      lastActionSlot: [UInt32],
      provedState: [Bool],
      zkappUri: ''
    }
  },
  error: undefined
}
zkApp status= [
  Field { value: [ 0, [Uint8Array] ] },
  Field { value: [ 0, [Uint8Array] ] },
  Field { value: [ 0, [Uint8Array] ] },
  Field { value: [ 0, [Uint8Array] ] },
  Field { value: [ 0, [Uint8Array] ] },
  Field { value: [ 0, [Uint8Array] ] },
  Field { value: [ 0, [Uint8Array] ] },
  Field { value: [ 0, [Uint8Array] ] }
]
zkApp instance created!
zkApp instance actionsState= 25079927036070901246064867767436987657692091363973573142121686150614948079097
instance= {
  "balance": {},
  "nonce": {},
  "receiptChainHash": {},
  "delegate": {},
  "state": {},
  "actionState": {},
  "provedState": {},
  "isNew": {},
  "verificationKey": {},
  "permissions": {},
  "zkappUri": {},
  "tokenSymbol": {},
  "timing": {},
  "votingFor": {}
}
address= B62qkNrf2DcHrUjSxAdvC71oRKYS2sXpzZgP2JGNM5q6vKT42xVsmEb
secret= 
B62qmTfY9auDwpm4bjTV7jdzcmv9xTThAwK6j9f1B37vhchH96HFH5Z 1001
Key ( B62qmTfY9auDwpm4bjTV7jdzcmv9xTThAwK6j9f1B37vhchH96HFH5Z 1001 ) => 3281006532238447594947516498090003950883319600637271975605804977435161422582
addElectorsToNullifier 
root= 6320473817888256446342443846392450695305812749022201885272559843921015477559 
key= 3281006532238447594947516498090003950883319600637271975605804977435161422582
addElectorsToNullifier 
witnessRoot= 6320473817888256446342443846392450695305812749022201885272559843921015477559 
witnessKey= 3281006532238447594947516498090003950883319600637271975605804977435161422582
B62qmVuwdMgnTxpLPGd1kjcMTyof9XUcqAhQZ6TYaT3U6mrMNxkjQgY 1001
Key ( B62qmVuwdMgnTxpLPGd1kjcMTyof9XUcqAhQZ6TYaT3U6mrMNxkjQgY 1001 ) => 2490628655384524348582714190552847706623575463373033688827533676705008321032
addElectorsToNullifier 
root= 20547484825479356889719508861812902137331172430567529912575957650839896323653 
key= 2490628655384524348582714190552847706623575463373033688827533676705008321032
addElectorsToNullifier 
witnessRoot= 20547484825479356889719508861812902137331172430567529912575957650839896323653 
witnessKey= 2490628655384524348582714190552847706623575463373033688827533676705008321032
B62qixo7ZaNjibjRh3dhU1rNLVzNUqDtgwyUB6n9xxYFrHEHmfJXbBf 1001
Key ( B62qixo7ZaNjibjRh3dhU1rNLVzNUqDtgwyUB6n9xxYFrHEHmfJXbBf 1001 ) => 7232409477512398887283979880720284660708552483283488761492057334275229851967
addElectorsToNullifier 
root= 14965517519870244729390738761045571196191573473219870855632670069338692214320 
key= 7232409477512398887283979880720284660708552483283488761492057334275229851967
addElectorsToNullifier 
witnessRoot= 14965517519870244729390738761045571196191573473219870855632670069338692214320 
witnessKey= 7232409477512398887283979880720284660708552483283488761492057334275229851967
B62qmTfY9auDwpm4bjTV7jdzcmv9xTThAwK6j9f1B37vhchH96HFH5Z 1001
Key ( B62qmTfY9auDwpm4bjTV7jdzcmv9xTThAwK6j9f1B37vhchH96HFH5Z 1001 ) => 3281006532238447594947516498090003950883319600637271975605804977435161422582
getNullifierProxy root= 14965517519870244729390738761045571196191573473219870855632670069338692214320 
key= 3281006532238447594947516498090003950883319600637271975605804977435161422582
witnessRoot= 14965517519870244729390738761045571196191573473219870855632670069338692214320 
witnessKey= 3281006532238447594947516498090003950883319600637271975605804977435161422582

sendVote from= B62qmTfY9auDwpm4bjTV7jdzcmv9xTThAwK6j9f1B37vhchH96HFH5Z
sendVote claimUid= 1001
sender= B62qmTfY9auDwpm4bjTV7jdzcmv9xTThAwK6j9f1B37vhchH96HFH5Z
electorId= B62qmTfY9auDwpm4bjTV7jdzcmv9xTThAwK6j9f1B37vhchH96HFH5Z
B62qmTfY9auDwpm4bjTV7jdzcmv9xTThAwK6j9f1B37vhchH96HFH5Z 1001
Key ( B62qmTfY9auDwpm4bjTV7jdzcmv9xTThAwK6j9f1B37vhchH96HFH5Z 1001 ) => 3281006532238447594947516498090003950883319600637271975605804977435161422582
sendVote key= 3281006532238447594947516498090003950883319600637271975605804977435161422582
assertHasNotVoted witnessRoot 14965517519870244729390738761045571196191573473219870855632670069338692214320
assertHasNotVoted witnessKey 3281006532238447594947516498090003950883319600637271975605804977435161422582
B62qmTfY9auDwpm4bjTV7jdzcmv9xTThAwK6j9f1B37vhchH96HFH5Z 1001
Key ( B62qmTfY9auDwpm4bjTV7jdzcmv9xTThAwK6j9f1B37vhchH96HFH5Z 1001 ) => 3281006532238447594947516498090003950883319600637271975605804977435161422582
assertHasNotVoted recalculated Key 3281006532238447594947516498090003950883319600637271975605804977435161422582
dispatched action { isValid: true, positive: true, negative: false, ignore: false }
B62qmTfY9auDwpm4bjTV7jdzcmv9xTThAwK6j9f1B37vhchH96HFH5Z 1001
Key ( B62qmTfY9auDwpm4bjTV7jdzcmv9xTThAwK6j9f1B37vhchH96HFH5Z 1001 ) => 3281006532238447594947516498090003950883319600637271975605804977435161422582
sendVote claimUid= 1001
sender= B62qmTfY9auDwpm4bjTV7jdzcmv9xTThAwK6j9f1B37vhchH96HFH5Z
electorId= B62qmTfY9auDwpm4bjTV7jdzcmv9xTThAwK6j9f1B37vhchH96HFH5Z
B62qmTfY9auDwpm4bjTV7jdzcmv9xTThAwK6j9f1B37vhchH96HFH5Z 1001
Key ( B62qmTfY9auDwpm4bjTV7jdzcmv9xTThAwK6j9f1B37vhchH96HFH5Z 1001 ) => 3281006532238447594947516498090003950883319600637271975605804977435161422582
sendVote key= 3281006532238447594947516498090003950883319600637271975605804977435161422582
assertHasNotVoted witnessRoot 14965517519870244729390738761045571196191573473219870855632670069338692214320
assertHasNotVoted witnessKey 3281006532238447594947516498090003950883319600637271975605804977435161422582
B62qmTfY9auDwpm4bjTV7jdzcmv9xTThAwK6j9f1B37vhchH96HFH5Z 1001
Key ( B62qmTfY9auDwpm4bjTV7jdzcmv9xTThAwK6j9f1B37vhchH96HFH5Z 1001 ) => 3281006532238447594947516498090003950883319600637271975605804977435161422582
assertHasNotVoted recalculated Key 3281006532238447594947516498090003950883319600637271975605804977435161422582
dispatched action { isValid: true, positive: true, negative: false, ignore: false }
B62qmTfY9auDwpm4bjTV7jdzcmv9xTThAwK6j9f1B37vhchH96HFH5Z 1001
Key ( B62qmTfY9auDwpm4bjTV7jdzcmv9xTThAwK6j9f1B37vhchH96HFH5Z 1001 ) => 3281006532238447594947516498090003950883319600637271975605804977435161422582
sendVote claimUid= 1001
sender= B62qmTfY9auDwpm4bjTV7jdzcmv9xTThAwK6j9f1B37vhchH96HFH5Z
electorId= B62qmTfY9auDwpm4bjTV7jdzcmv9xTThAwK6j9f1B37vhchH96HFH5Z
B62qmTfY9auDwpm4bjTV7jdzcmv9xTThAwK6j9f1B37vhchH96HFH5Z 1001
Key ( B62qmTfY9auDwpm4bjTV7jdzcmv9xTThAwK6j9f1B37vhchH96HFH5Z 1001 ) => 3281006532238447594947516498090003950883319600637271975605804977435161422582
sendVote key= 3281006532238447594947516498090003950883319600637271975605804977435161422582
assertHasNotVoted witnessRoot 14965517519870244729390738761045571196191573473219870855632670069338692214320
assertHasNotVoted witnessKey 3281006532238447594947516498090003950883319600637271975605804977435161422582
B62qmTfY9auDwpm4bjTV7jdzcmv9xTThAwK6j9f1B37vhchH96HFH5Z 1001
Key ( B62qmTfY9auDwpm4bjTV7jdzcmv9xTThAwK6j9f1B37vhchH96HFH5Z 1001 ) => 3281006532238447594947516498090003950883319600637271975605804977435161422582
assertHasNotVoted recalculated Key 3281006532238447594947516498090003950883319600637271975605804977435161422582
dispatched action { isValid: true, positive: true, negative: false, ignore: false }
B62qmTfY9auDwpm4bjTV7jdzcmv9xTThAwK6j9f1B37vhchH96HFH5Z 1001
Key ( B62qmTfY9auDwpm4bjTV7jdzcmv9xTThAwK6j9f1B37vhchH96HFH5Z 1001 ) => 3281006532238447594947516498090003950883319600637271975605804977435161422582
assertHasNotVoted witnessRoot 14965517519870244729390738761045571196191573473219870855632670069338692214320
assertHasNotVoted witnessKey 3281006532238447594947516498090003950883319600637271975605804977435161422582
B62qmTfY9auDwpm4bjTV7jdzcmv9xTThAwK6j9f1B37vhchH96HFH5Z 1001
Key ( B62qmTfY9auDwpm4bjTV7jdzcmv9xTThAwK6j9f1B37vhchH96HFH5Z 1001 ) => 3281006532238447594947516498090003950883319600637271975605804977435161422582
assertHasNotVoted recalculated Key 3281006532238447594947516498090003950883319600637271975605804977435161422582
See transaction at https://berkeley.minaexplorer.com/transaction/5JtsyHGB1vPUCKxY2gG5at5DiHYr38JQcs7voC6uHVXGatxBvbP8
      Waiting for transaction to be included...
B62qmVuwdMgnTxpLPGd1kjcMTyof9XUcqAhQZ6TYaT3U6mrMNxkjQgY 1001
Key ( B62qmVuwdMgnTxpLPGd1kjcMTyof9XUcqAhQZ6TYaT3U6mrMNxkjQgY 1001 ) => 2490628655384524348582714190552847706623575463373033688827533676705008321032
getNullifierProxy root= 14965517519870244729390738761045571196191573473219870855632670069338692214320 
key= 2490628655384524348582714190552847706623575463373033688827533676705008321032
witnessRoot= 14965517519870244729390738761045571196191573473219870855632670069338692214320 
witnessKey= 2490628655384524348582714190552847706623575463373033688827533676705008321032

sendVote from= B62qmVuwdMgnTxpLPGd1kjcMTyof9XUcqAhQZ6TYaT3U6mrMNxkjQgY
sendVote claimUid= 1001
sender= B62qmVuwdMgnTxpLPGd1kjcMTyof9XUcqAhQZ6TYaT3U6mrMNxkjQgY
electorId= B62qmVuwdMgnTxpLPGd1kjcMTyof9XUcqAhQZ6TYaT3U6mrMNxkjQgY
B62qmVuwdMgnTxpLPGd1kjcMTyof9XUcqAhQZ6TYaT3U6mrMNxkjQgY 1001
Key ( B62qmVuwdMgnTxpLPGd1kjcMTyof9XUcqAhQZ6TYaT3U6mrMNxkjQgY 1001 ) => 2490628655384524348582714190552847706623575463373033688827533676705008321032
sendVote key= 2490628655384524348582714190552847706623575463373033688827533676705008321032
assertHasNotVoted witnessRoot 14965517519870244729390738761045571196191573473219870855632670069338692214320
assertHasNotVoted witnessKey 2490628655384524348582714190552847706623575463373033688827533676705008321032
B62qmVuwdMgnTxpLPGd1kjcMTyof9XUcqAhQZ6TYaT3U6mrMNxkjQgY 1001
Key ( B62qmVuwdMgnTxpLPGd1kjcMTyof9XUcqAhQZ6TYaT3U6mrMNxkjQgY 1001 ) => 2490628655384524348582714190552847706623575463373033688827533676705008321032
assertHasNotVoted recalculated Key 2490628655384524348582714190552847706623575463373033688827533676705008321032
dispatched action { isValid: true, positive: true, negative: false, ignore: false }
B62qmVuwdMgnTxpLPGd1kjcMTyof9XUcqAhQZ6TYaT3U6mrMNxkjQgY 1001
Key ( B62qmVuwdMgnTxpLPGd1kjcMTyof9XUcqAhQZ6TYaT3U6mrMNxkjQgY 1001 ) => 2490628655384524348582714190552847706623575463373033688827533676705008321032
sendVote claimUid= 1001
sender= B62qmVuwdMgnTxpLPGd1kjcMTyof9XUcqAhQZ6TYaT3U6mrMNxkjQgY
electorId= B62qmVuwdMgnTxpLPGd1kjcMTyof9XUcqAhQZ6TYaT3U6mrMNxkjQgY
B62qmVuwdMgnTxpLPGd1kjcMTyof9XUcqAhQZ6TYaT3U6mrMNxkjQgY 1001
Key ( B62qmVuwdMgnTxpLPGd1kjcMTyof9XUcqAhQZ6TYaT3U6mrMNxkjQgY 1001 ) => 2490628655384524348582714190552847706623575463373033688827533676705008321032
sendVote key= 2490628655384524348582714190552847706623575463373033688827533676705008321032
assertHasNotVoted witnessRoot 14965517519870244729390738761045571196191573473219870855632670069338692214320
assertHasNotVoted witnessKey 2490628655384524348582714190552847706623575463373033688827533676705008321032
B62qmVuwdMgnTxpLPGd1kjcMTyof9XUcqAhQZ6TYaT3U6mrMNxkjQgY 1001
Key ( B62qmVuwdMgnTxpLPGd1kjcMTyof9XUcqAhQZ6TYaT3U6mrMNxkjQgY 1001 ) => 2490628655384524348582714190552847706623575463373033688827533676705008321032
assertHasNotVoted recalculated Key 2490628655384524348582714190552847706623575463373033688827533676705008321032
dispatched action { isValid: true, positive: true, negative: false, ignore: false }
B62qmVuwdMgnTxpLPGd1kjcMTyof9XUcqAhQZ6TYaT3U6mrMNxkjQgY 1001
Key ( B62qmVuwdMgnTxpLPGd1kjcMTyof9XUcqAhQZ6TYaT3U6mrMNxkjQgY 1001 ) => 2490628655384524348582714190552847706623575463373033688827533676705008321032
sendVote claimUid= 1001
sender= B62qmVuwdMgnTxpLPGd1kjcMTyof9XUcqAhQZ6TYaT3U6mrMNxkjQgY
electorId= B62qmVuwdMgnTxpLPGd1kjcMTyof9XUcqAhQZ6TYaT3U6mrMNxkjQgY
B62qmVuwdMgnTxpLPGd1kjcMTyof9XUcqAhQZ6TYaT3U6mrMNxkjQgY 1001
Key ( B62qmVuwdMgnTxpLPGd1kjcMTyof9XUcqAhQZ6TYaT3U6mrMNxkjQgY 1001 ) => 2490628655384524348582714190552847706623575463373033688827533676705008321032
sendVote key= 2490628655384524348582714190552847706623575463373033688827533676705008321032
assertHasNotVoted witnessRoot 14965517519870244729390738761045571196191573473219870855632670069338692214320
assertHasNotVoted witnessKey 2490628655384524348582714190552847706623575463373033688827533676705008321032
B62qmVuwdMgnTxpLPGd1kjcMTyof9XUcqAhQZ6TYaT3U6mrMNxkjQgY 1001
Key ( B62qmVuwdMgnTxpLPGd1kjcMTyof9XUcqAhQZ6TYaT3U6mrMNxkjQgY 1001 ) => 2490628655384524348582714190552847706623575463373033688827533676705008321032
assertHasNotVoted recalculated Key 2490628655384524348582714190552847706623575463373033688827533676705008321032
dispatched action { isValid: true, positive: true, negative: false, ignore: false }
B62qmVuwdMgnTxpLPGd1kjcMTyof9XUcqAhQZ6TYaT3U6mrMNxkjQgY 1001
Key ( B62qmVuwdMgnTxpLPGd1kjcMTyof9XUcqAhQZ6TYaT3U6mrMNxkjQgY 1001 ) => 2490628655384524348582714190552847706623575463373033688827533676705008321032
assertHasNotVoted witnessRoot 14965517519870244729390738761045571196191573473219870855632670069338692214320
assertHasNotVoted witnessKey 2490628655384524348582714190552847706623575463373033688827533676705008321032
B62qmVuwdMgnTxpLPGd1kjcMTyof9XUcqAhQZ6TYaT3U6mrMNxkjQgY 1001
Key ( B62qmVuwdMgnTxpLPGd1kjcMTyof9XUcqAhQZ6TYaT3U6mrMNxkjQgY 1001 ) => 2490628655384524348582714190552847706623575463373033688827533676705008321032
assertHasNotVoted recalculated Key 2490628655384524348582714190552847706623575463373033688827533676705008321032
See transaction at https://berkeley.minaexplorer.com/transaction/5JtfKpieE6ReZof2zPZSj3jRphGhJzfLgKWcXgjGj3UHeRcza2B1
      Waiting for transaction to be included...
B62qixo7ZaNjibjRh3dhU1rNLVzNUqDtgwyUB6n9xxYFrHEHmfJXbBf 1001
Key ( B62qixo7ZaNjibjRh3dhU1rNLVzNUqDtgwyUB6n9xxYFrHEHmfJXbBf 1001 ) => 7232409477512398887283979880720284660708552483283488761492057334275229851967
getNullifierProxy root= 14965517519870244729390738761045571196191573473219870855632670069338692214320 
key= 7232409477512398887283979880720284660708552483283488761492057334275229851967
witnessRoot= 14965517519870244729390738761045571196191573473219870855632670069338692214320 
witnessKey= 7232409477512398887283979880720284660708552483283488761492057334275229851967

sendVote from= B62qixo7ZaNjibjRh3dhU1rNLVzNUqDtgwyUB6n9xxYFrHEHmfJXbBf
sendVote claimUid= 1001
sender= B62qixo7ZaNjibjRh3dhU1rNLVzNUqDtgwyUB6n9xxYFrHEHmfJXbBf
electorId= B62qixo7ZaNjibjRh3dhU1rNLVzNUqDtgwyUB6n9xxYFrHEHmfJXbBf
B62qixo7ZaNjibjRh3dhU1rNLVzNUqDtgwyUB6n9xxYFrHEHmfJXbBf 1001
Key ( B62qixo7ZaNjibjRh3dhU1rNLVzNUqDtgwyUB6n9xxYFrHEHmfJXbBf 1001 ) => 7232409477512398887283979880720284660708552483283488761492057334275229851967
sendVote key= 7232409477512398887283979880720284660708552483283488761492057334275229851967
assertHasNotVoted witnessRoot 14965517519870244729390738761045571196191573473219870855632670069338692214320
assertHasNotVoted witnessKey 7232409477512398887283979880720284660708552483283488761492057334275229851967
B62qixo7ZaNjibjRh3dhU1rNLVzNUqDtgwyUB6n9xxYFrHEHmfJXbBf 1001
Key ( B62qixo7ZaNjibjRh3dhU1rNLVzNUqDtgwyUB6n9xxYFrHEHmfJXbBf 1001 ) => 7232409477512398887283979880720284660708552483283488761492057334275229851967
assertHasNotVoted recalculated Key 7232409477512398887283979880720284660708552483283488761492057334275229851967
dispatched action { isValid: true, positive: true, negative: false, ignore: false }
B62qixo7ZaNjibjRh3dhU1rNLVzNUqDtgwyUB6n9xxYFrHEHmfJXbBf 1001
Key ( B62qixo7ZaNjibjRh3dhU1rNLVzNUqDtgwyUB6n9xxYFrHEHmfJXbBf 1001 ) => 7232409477512398887283979880720284660708552483283488761492057334275229851967
sendVote claimUid= 1001
sender= B62qixo7ZaNjibjRh3dhU1rNLVzNUqDtgwyUB6n9xxYFrHEHmfJXbBf
electorId= B62qixo7ZaNjibjRh3dhU1rNLVzNUqDtgwyUB6n9xxYFrHEHmfJXbBf
B62qixo7ZaNjibjRh3dhU1rNLVzNUqDtgwyUB6n9xxYFrHEHmfJXbBf 1001
Key ( B62qixo7ZaNjibjRh3dhU1rNLVzNUqDtgwyUB6n9xxYFrHEHmfJXbBf 1001 ) => 7232409477512398887283979880720284660708552483283488761492057334275229851967
sendVote key= 7232409477512398887283979880720284660708552483283488761492057334275229851967
assertHasNotVoted witnessRoot 14965517519870244729390738761045571196191573473219870855632670069338692214320
assertHasNotVoted witnessKey 7232409477512398887283979880720284660708552483283488761492057334275229851967
B62qixo7ZaNjibjRh3dhU1rNLVzNUqDtgwyUB6n9xxYFrHEHmfJXbBf 1001
Key ( B62qixo7ZaNjibjRh3dhU1rNLVzNUqDtgwyUB6n9xxYFrHEHmfJXbBf 1001 ) => 7232409477512398887283979880720284660708552483283488761492057334275229851967
assertHasNotVoted recalculated Key 7232409477512398887283979880720284660708552483283488761492057334275229851967
dispatched action { isValid: true, positive: true, negative: false, ignore: false }
B62qixo7ZaNjibjRh3dhU1rNLVzNUqDtgwyUB6n9xxYFrHEHmfJXbBf 1001
Key ( B62qixo7ZaNjibjRh3dhU1rNLVzNUqDtgwyUB6n9xxYFrHEHmfJXbBf 1001 ) => 7232409477512398887283979880720284660708552483283488761492057334275229851967
sendVote claimUid= 1001
sender= B62qixo7ZaNjibjRh3dhU1rNLVzNUqDtgwyUB6n9xxYFrHEHmfJXbBf
electorId= B62qixo7ZaNjibjRh3dhU1rNLVzNUqDtgwyUB6n9xxYFrHEHmfJXbBf
B62qixo7ZaNjibjRh3dhU1rNLVzNUqDtgwyUB6n9xxYFrHEHmfJXbBf 1001
Key ( B62qixo7ZaNjibjRh3dhU1rNLVzNUqDtgwyUB6n9xxYFrHEHmfJXbBf 1001 ) => 7232409477512398887283979880720284660708552483283488761492057334275229851967
sendVote key= 7232409477512398887283979880720284660708552483283488761492057334275229851967
assertHasNotVoted witnessRoot 14965517519870244729390738761045571196191573473219870855632670069338692214320
assertHasNotVoted witnessKey 7232409477512398887283979880720284660708552483283488761492057334275229851967
B62qixo7ZaNjibjRh3dhU1rNLVzNUqDtgwyUB6n9xxYFrHEHmfJXbBf 1001
Key ( B62qixo7ZaNjibjRh3dhU1rNLVzNUqDtgwyUB6n9xxYFrHEHmfJXbBf 1001 ) => 7232409477512398887283979880720284660708552483283488761492057334275229851967
assertHasNotVoted recalculated Key 7232409477512398887283979880720284660708552483283488761492057334275229851967
dispatched action { isValid: true, positive: true, negative: false, ignore: false }
B62qixo7ZaNjibjRh3dhU1rNLVzNUqDtgwyUB6n9xxYFrHEHmfJXbBf 1001
Key ( B62qixo7ZaNjibjRh3dhU1rNLVzNUqDtgwyUB6n9xxYFrHEHmfJXbBf 1001 ) => 7232409477512398887283979880720284660708552483283488761492057334275229851967
assertHasNotVoted witnessRoot 14965517519870244729390738761045571196191573473219870855632670069338692214320
assertHasNotVoted witnessKey 7232409477512398887283979880720284660708552483283488761492057334275229851967
B62qixo7ZaNjibjRh3dhU1rNLVzNUqDtgwyUB6n9xxYFrHEHmfJXbBf 1001
Key ( B62qixo7ZaNjibjRh3dhU1rNLVzNUqDtgwyUB6n9xxYFrHEHmfJXbBf 1001 ) => 7232409477512398887283979880720284660708552483283488761492057334275229851967
assertHasNotVoted recalculated Key 7232409477512398887283979880720284660708552483283488761492057334275229851967
See transaction at https://berkeley.minaexplorer.com/transaction/5JuizJJ7fp6GCLsiXbfQPG8ZXCJXqDnfhaDxLbzvoviEZ6xpSFdb
      Waiting for transaction to be included...
