
Begin testing 'VotingContract' at= 2023-07-28T01:29:11.262Z

Using network=Berkeley, proofsEnabled=true

Run on Mina.Berkeley
deployer Addr= B62qo1gZFRgGhsozfGeqHv9bbkACr2sHA7qRsf4r9Tadk3dHH3Fwwmy
sender Addr= B62qo1gZFRgGhsozfGeqHv9bbkACr2sHA7qRsf4r9Tadk3dHH3Fwwmy
proofs enabled= true
compiling Contract ...
compiled !

zkApp instance address=B62qkNrf2DcHrUjSxAdvC71oRKYS2sXpzZgP2JGNM5q6vKT42xVsmEb
zkApp instance created!
zkApp instance deployed !
See transaction at https://berkeley.minaexplorer.com/transaction/5JuEjJ5EKvUhQF9hDmo4zizTZtkXe7JFjVBSnE2Ga8yscLwd8gBs
    Waiting for transaction to be included...
Waiting for zkApp account to be fully available ...
Waiting for zkApp account to be fully available ...
Waiting for zkApp account to be fully available ...
Waiting for zkApp account to be fully available ...
Waiting for zkApp account to be fully available ...
Waiting for zkApp account to be fully available ...
Waiting for zkApp account to be fully available ...
Waiting for zkApp account to be fully available ...
Waiting for zkApp account to be fully available ...
Waiting for zkApp account to be fully available ...
Waiting for zkApp account to be fully available ...
Waiting for zkApp account to be fully available ...
zkApp instance initialized !
See transaction at https://berkeley.minaexplorer.com/transaction/5Ju8tZxE41S6yawGgEg5sm86zG8UnsgUaoByH25FUnYkFxQaSy9o
    Waiting for transaction to be included...
zkApp instance actionsState= 25079927036070901246064867767436987657692091363973573142121686150614948079097
instance= {
  "balance": {},
  "nonce": {},
  "receiptChainHash": {},
  "delegate": {},
  "state": {},
  "actionState": {},
  "provedState": {},
  "isNew": {},
  "verificationKey": {},
  "permissions": {},
  "zkappUri": {},
  "tokenSymbol": {},
  "timing": {},
  "votingFor": {}
}
address= B62qkNrf2DcHrUjSxAdvC71oRKYS2sXpzZgP2JGNM5q6vKT42xVsmEb
secret= EKEJ99H7X562jVStQhZB2BPdHrqgjbYg9cyCh5gvhP8t6L96X5Mk
B62qmTfY9auDwpm4bjTV7jdzcmv9xTThAwK6j9f1B37vhchH96HFH5Z 1001
Key ( B62qmTfY9auDwpm4bjTV7jdzcmv9xTThAwK6j9f1B37vhchH96HFH5Z 1001 ) => 3281006532238447594947516498090003950883319600637271975605804977435161422582
addElectorsToNullifier 
root= 6320473817888256446342443846392450695305812749022201885272559843921015477559 
key= 3281006532238447594947516498090003950883319600637271975605804977435161422582
addElectorsToNullifier 
witnessRoot= 6320473817888256446342443846392450695305812749022201885272559843921015477559 
witnessKey= 3281006532238447594947516498090003950883319600637271975605804977435161422582
B62qmVuwdMgnTxpLPGd1kjcMTyof9XUcqAhQZ6TYaT3U6mrMNxkjQgY 1001
Key ( B62qmVuwdMgnTxpLPGd1kjcMTyof9XUcqAhQZ6TYaT3U6mrMNxkjQgY 1001 ) => 2490628655384524348582714190552847706623575463373033688827533676705008321032
addElectorsToNullifier 
root= 20547484825479356889719508861812902137331172430567529912575957650839896323653 
key= 2490628655384524348582714190552847706623575463373033688827533676705008321032
addElectorsToNullifier 
witnessRoot= 20547484825479356889719508861812902137331172430567529912575957650839896323653 
witnessKey= 2490628655384524348582714190552847706623575463373033688827533676705008321032
B62qixo7ZaNjibjRh3dhU1rNLVzNUqDtgwyUB6n9xxYFrHEHmfJXbBf 1001
Key ( B62qixo7ZaNjibjRh3dhU1rNLVzNUqDtgwyUB6n9xxYFrHEHmfJXbBf 1001 ) => 7232409477512398887283979880720284660708552483283488761492057334275229851967
addElectorsToNullifier 
root= 14965517519870244729390738761045571196191573473219870855632670069338692214320 
key= 7232409477512398887283979880720284660708552483283488761492057334275229851967
addElectorsToNullifier 
witnessRoot= 14965517519870244729390738761045571196191573473219870855632670069338692214320 
witnessKey= 7232409477512398887283979880720284660708552483283488761492057334275229851967
B62qmTfY9auDwpm4bjTV7jdzcmv9xTThAwK6j9f1B37vhchH96HFH5Z 1001
Key ( B62qmTfY9auDwpm4bjTV7jdzcmv9xTThAwK6j9f1B37vhchH96HFH5Z 1001 ) => 3281006532238447594947516498090003950883319600637271975605804977435161422582
getNullifierProxy root= 14965517519870244729390738761045571196191573473219870855632670069338692214320 
key= 3281006532238447594947516498090003950883319600637271975605804977435161422582
witnessRoot= 14965517519870244729390738761045571196191573473219870855632670069338692214320 
witnessKey= 3281006532238447594947516498090003950883319600637271975605804977435161422582
sendVote claimUid= 0
sender= B62qmTfY9auDwpm4bjTV7jdzcmv9xTThAwK6j9f1B37vhchH96HFH5Z
electorId= B62qmTfY9auDwpm4bjTV7jdzcmv9xTThAwK6j9f1B37vhchH96HFH5Z
B62qmTfY9auDwpm4bjTV7jdzcmv9xTThAwK6j9f1B37vhchH96HFH5Z 0
Key ( B62qmTfY9auDwpm4bjTV7jdzcmv9xTThAwK6j9f1B37vhchH96HFH5Z 0 ) => 20282853428983103992864354946997263585356994046657456459041788569382897126615
sendVote key= 20282853428983103992864354946997263585356994046657456459041788569382897126615
assertHasNotVoted witnessRoot 14965517519870244729390738761045571196191573473219870855632670069338692214320
assertHasNotVoted witnessKey 3281006532238447594947516498090003950883319600637271975605804977435161422582
B62qmTfY9auDwpm4bjTV7jdzcmv9xTThAwK6j9f1B37vhchH96HFH5Z 0
Key ( B62qmTfY9auDwpm4bjTV7jdzcmv9xTThAwK6j9f1B37vhchH96HFH5Z 0 ) => 20282853428983103992864354946997263585356994046657456459041788569382897126615
assertHasNotVoted recalculated Key 20282853428983103992864354946997263585356994046657456459041788569382897126615
dispatched action { isValid: true, positive: true, negative: false, ignore: false }
B62qmTfY9auDwpm4bjTV7jdzcmv9xTThAwK6j9f1B37vhchH96HFH5Z 0
Key ( B62qmTfY9auDwpm4bjTV7jdzcmv9xTThAwK6j9f1B37vhchH96HFH5Z 0 ) => 20282853428983103992864354946997263585356994046657456459041788569382897126615
sendVote claimUid= 0
sender= B62qmTfY9auDwpm4bjTV7jdzcmv9xTThAwK6j9f1B37vhchH96HFH5Z
electorId= B62qmTfY9auDwpm4bjTV7jdzcmv9xTThAwK6j9f1B37vhchH96HFH5Z
B62qmTfY9auDwpm4bjTV7jdzcmv9xTThAwK6j9f1B37vhchH96HFH5Z 0
Key ( B62qmTfY9auDwpm4bjTV7jdzcmv9xTThAwK6j9f1B37vhchH96HFH5Z 0 ) => 20282853428983103992864354946997263585356994046657456459041788569382897126615
sendVote key= 20282853428983103992864354946997263585356994046657456459041788569382897126615
assertHasNotVoted witnessRoot 14965517519870244729390738761045571196191573473219870855632670069338692214320
assertHasNotVoted witnessKey 3281006532238447594947516498090003950883319600637271975605804977435161422582
B62qmTfY9auDwpm4bjTV7jdzcmv9xTThAwK6j9f1B37vhchH96HFH5Z 0
Key ( B62qmTfY9auDwpm4bjTV7jdzcmv9xTThAwK6j9f1B37vhchH96HFH5Z 0 ) => 20282853428983103992864354946997263585356994046657456459041788569382897126615
assertHasNotVoted recalculated Key 20282853428983103992864354946997263585356994046657456459041788569382897126615
dispatched action { isValid: true, positive: true, negative: false, ignore: false }
B62qmTfY9auDwpm4bjTV7jdzcmv9xTThAwK6j9f1B37vhchH96HFH5Z 0
Key ( B62qmTfY9auDwpm4bjTV7jdzcmv9xTThAwK6j9f1B37vhchH96HFH5Z 0 ) => 20282853428983103992864354946997263585356994046657456459041788569382897126615
sendVote claimUid= 0
sender= B62qmTfY9auDwpm4bjTV7jdzcmv9xTThAwK6j9f1B37vhchH96HFH5Z
electorId= B62qmTfY9auDwpm4bjTV7jdzcmv9xTThAwK6j9f1B37vhchH96HFH5Z
B62qmTfY9auDwpm4bjTV7jdzcmv9xTThAwK6j9f1B37vhchH96HFH5Z 0
Key ( B62qmTfY9auDwpm4bjTV7jdzcmv9xTThAwK6j9f1B37vhchH96HFH5Z 0 ) => 20282853428983103992864354946997263585356994046657456459041788569382897126615
sendVote key= 20282853428983103992864354946997263585356994046657456459041788569382897126615
assertHasNotVoted witnessRoot 14965517519870244729390738761045571196191573473219870855632670069338692214320
assertHasNotVoted witnessKey 3281006532238447594947516498090003950883319600637271975605804977435161422582
B62qmTfY9auDwpm4bjTV7jdzcmv9xTThAwK6j9f1B37vhchH96HFH5Z 0
Key ( B62qmTfY9auDwpm4bjTV7jdzcmv9xTThAwK6j9f1B37vhchH96HFH5Z 0 ) => 20282853428983103992864354946997263585356994046657456459041788569382897126615
assertHasNotVoted recalculated Key 20282853428983103992864354946997263585356994046657456459041788569382897126615
dispatched action { isValid: true, positive: true, negative: false, ignore: false }
B62qmTfY9auDwpm4bjTV7jdzcmv9xTThAwK6j9f1B37vhchH96HFH5Z 0
Key ( B62qmTfY9auDwpm4bjTV7jdzcmv9xTThAwK6j9f1B37vhchH96HFH5Z 0 ) => 20282853428983103992864354946997263585356994046657456459041788569382897126615
assertHasNotVoted witnessRoot 14965517519870244729390738761045571196191573473219870855632670069338692214320
assertHasNotVoted witnessKey 3281006532238447594947516498090003950883319600637271975605804977435161422582
B62qmTfY9auDwpm4bjTV7jdzcmv9xTThAwK6j9f1B37vhchH96HFH5Z 0
Key ( B62qmTfY9auDwpm4bjTV7jdzcmv9xTThAwK6j9f1B37vhchH96HFH5Z 0 ) => 20282853428983103992864354946997263585356994046657456459041788569382897126615
assertHasNotVoted recalculated Key 20282853428983103992864354946997263585356994046657456459041788569382897126615
See transaction at https://berkeley.minaexplorer.com/transaction/5JuhacSg2sncNKvKcE9r1N7dcTyVvzDiwQv7rVnEeofV71xoxjdX
      Waiting for transaction to be included...
helpers sendVote ERROR= Error: Transaction failed.
TransactionId: 5JuhacSg2sncNKvKcE9r1N7dcTyVvzDiwQv7rVnEeofV71xoxjdX
Attempts: 16
failureReason(s):  AccountUpdate #1 failed. Reason: "Account_app_state_4_precondition_unsatisfied, Account_app_state_0_precondition_unsatisfied", AccountUpdate #2 failed. Reason: "Cancelled"
B62qmVuwdMgnTxpLPGd1kjcMTyof9XUcqAhQZ6TYaT3U6mrMNxkjQgY 1001
Key ( B62qmVuwdMgnTxpLPGd1kjcMTyof9XUcqAhQZ6TYaT3U6mrMNxkjQgY 1001 ) => 2490628655384524348582714190552847706623575463373033688827533676705008321032
getNullifierProxy root= 14965517519870244729390738761045571196191573473219870855632670069338692214320 
key= 2490628655384524348582714190552847706623575463373033688827533676705008321032
witnessRoot= 14965517519870244729390738761045571196191573473219870855632670069338692214320 
witnessKey= 2490628655384524348582714190552847706623575463373033688827533676705008321032
sendVote claimUid= 0
sender= B62qmVuwdMgnTxpLPGd1kjcMTyof9XUcqAhQZ6TYaT3U6mrMNxkjQgY
electorId= B62qmVuwdMgnTxpLPGd1kjcMTyof9XUcqAhQZ6TYaT3U6mrMNxkjQgY
B62qmVuwdMgnTxpLPGd1kjcMTyof9XUcqAhQZ6TYaT3U6mrMNxkjQgY 0
Key ( B62qmVuwdMgnTxpLPGd1kjcMTyof9XUcqAhQZ6TYaT3U6mrMNxkjQgY 0 ) => 19411900330865800458212219689769558549868891172402575080502701149666386839681
sendVote key= 19411900330865800458212219689769558549868891172402575080502701149666386839681
assertHasNotVoted witnessRoot 14965517519870244729390738761045571196191573473219870855632670069338692214320
assertHasNotVoted witnessKey 2490628655384524348582714190552847706623575463373033688827533676705008321032
B62qmVuwdMgnTxpLPGd1kjcMTyof9XUcqAhQZ6TYaT3U6mrMNxkjQgY 0
Key ( B62qmVuwdMgnTxpLPGd1kjcMTyof9XUcqAhQZ6TYaT3U6mrMNxkjQgY 0 ) => 19411900330865800458212219689769558549868891172402575080502701149666386839681
assertHasNotVoted recalculated Key 19411900330865800458212219689769558549868891172402575080502701149666386839681
dispatched action { isValid: true, positive: true, negative: false, ignore: false }
B62qmVuwdMgnTxpLPGd1kjcMTyof9XUcqAhQZ6TYaT3U6mrMNxkjQgY 0
Key ( B62qmVuwdMgnTxpLPGd1kjcMTyof9XUcqAhQZ6TYaT3U6mrMNxkjQgY 0 ) => 19411900330865800458212219689769558549868891172402575080502701149666386839681
sendVote claimUid= 1001
sender= B62qmVuwdMgnTxpLPGd1kjcMTyof9XUcqAhQZ6TYaT3U6mrMNxkjQgY
electorId= B62qmVuwdMgnTxpLPGd1kjcMTyof9XUcqAhQZ6TYaT3U6mrMNxkjQgY
B62qmVuwdMgnTxpLPGd1kjcMTyof9XUcqAhQZ6TYaT3U6mrMNxkjQgY 1001
Key ( B62qmVuwdMgnTxpLPGd1kjcMTyof9XUcqAhQZ6TYaT3U6mrMNxkjQgY 1001 ) => 2490628655384524348582714190552847706623575463373033688827533676705008321032
sendVote key= 2490628655384524348582714190552847706623575463373033688827533676705008321032
assertHasNotVoted witnessRoot 14965517519870244729390738761045571196191573473219870855632670069338692214320
assertHasNotVoted witnessKey 2490628655384524348582714190552847706623575463373033688827533676705008321032
B62qmVuwdMgnTxpLPGd1kjcMTyof9XUcqAhQZ6TYaT3U6mrMNxkjQgY 1001
Key ( B62qmVuwdMgnTxpLPGd1kjcMTyof9XUcqAhQZ6TYaT3U6mrMNxkjQgY 1001 ) => 2490628655384524348582714190552847706623575463373033688827533676705008321032
assertHasNotVoted recalculated Key 2490628655384524348582714190552847706623575463373033688827533676705008321032
dispatched action { isValid: true, positive: true, negative: false, ignore: false }
B62qmVuwdMgnTxpLPGd1kjcMTyof9XUcqAhQZ6TYaT3U6mrMNxkjQgY 1001
Key ( B62qmVuwdMgnTxpLPGd1kjcMTyof9XUcqAhQZ6TYaT3U6mrMNxkjQgY 1001 ) => 2490628655384524348582714190552847706623575463373033688827533676705008321032
sendVote claimUid= 1001
sender= B62qmVuwdMgnTxpLPGd1kjcMTyof9XUcqAhQZ6TYaT3U6mrMNxkjQgY
electorId= B62qmVuwdMgnTxpLPGd1kjcMTyof9XUcqAhQZ6TYaT3U6mrMNxkjQgY
B62qmVuwdMgnTxpLPGd1kjcMTyof9XUcqAhQZ6TYaT3U6mrMNxkjQgY 1001
Key ( B62qmVuwdMgnTxpLPGd1kjcMTyof9XUcqAhQZ6TYaT3U6mrMNxkjQgY 1001 ) => 2490628655384524348582714190552847706623575463373033688827533676705008321032
sendVote key= 2490628655384524348582714190552847706623575463373033688827533676705008321032
assertHasNotVoted witnessRoot 14965517519870244729390738761045571196191573473219870855632670069338692214320
assertHasNotVoted witnessKey 2490628655384524348582714190552847706623575463373033688827533676705008321032
B62qmVuwdMgnTxpLPGd1kjcMTyof9XUcqAhQZ6TYaT3U6mrMNxkjQgY 1001
Key ( B62qmVuwdMgnTxpLPGd1kjcMTyof9XUcqAhQZ6TYaT3U6mrMNxkjQgY 1001 ) => 2490628655384524348582714190552847706623575463373033688827533676705008321032
assertHasNotVoted recalculated Key 2490628655384524348582714190552847706623575463373033688827533676705008321032
dispatched action { isValid: true, positive: true, negative: false, ignore: false }
B62qmVuwdMgnTxpLPGd1kjcMTyof9XUcqAhQZ6TYaT3U6mrMNxkjQgY 1001
Key ( B62qmVuwdMgnTxpLPGd1kjcMTyof9XUcqAhQZ6TYaT3U6mrMNxkjQgY 1001 ) => 2490628655384524348582714190552847706623575463373033688827533676705008321032
assertHasNotVoted witnessRoot 14965517519870244729390738761045571196191573473219870855632670069338692214320
assertHasNotVoted witnessKey 2490628655384524348582714190552847706623575463373033688827533676705008321032
B62qmVuwdMgnTxpLPGd1kjcMTyof9XUcqAhQZ6TYaT3U6mrMNxkjQgY 1001
Key ( B62qmVuwdMgnTxpLPGd1kjcMTyof9XUcqAhQZ6TYaT3U6mrMNxkjQgY 1001 ) => 2490628655384524348582714190552847706623575463373033688827533676705008321032
assertHasNotVoted recalculated Key 2490628655384524348582714190552847706623575463373033688827533676705008321032
See transaction at https://berkeley.minaexplorer.com/transaction/5JtsYWBWYQ3Y2DFxX4ctiHEe58pH2CE5fwNURRZP5qvMXyurKu79
      Waiting for transaction to be included...
B62qixo7ZaNjibjRh3dhU1rNLVzNUqDtgwyUB6n9xxYFrHEHmfJXbBf 1001
Key ( B62qixo7ZaNjibjRh3dhU1rNLVzNUqDtgwyUB6n9xxYFrHEHmfJXbBf 1001 ) => 7232409477512398887283979880720284660708552483283488761492057334275229851967
getNullifierProxy root= 14965517519870244729390738761045571196191573473219870855632670069338692214320 
key= 7232409477512398887283979880720284660708552483283488761492057334275229851967
witnessRoot= 14965517519870244729390738761045571196191573473219870855632670069338692214320 
witnessKey= 7232409477512398887283979880720284660708552483283488761492057334275229851967
sendVote claimUid= 1001
sender= B62qixo7ZaNjibjRh3dhU1rNLVzNUqDtgwyUB6n9xxYFrHEHmfJXbBf
electorId= B62qixo7ZaNjibjRh3dhU1rNLVzNUqDtgwyUB6n9xxYFrHEHmfJXbBf
B62qixo7ZaNjibjRh3dhU1rNLVzNUqDtgwyUB6n9xxYFrHEHmfJXbBf 1001
Key ( B62qixo7ZaNjibjRh3dhU1rNLVzNUqDtgwyUB6n9xxYFrHEHmfJXbBf 1001 ) => 7232409477512398887283979880720284660708552483283488761492057334275229851967
sendVote key= 7232409477512398887283979880720284660708552483283488761492057334275229851967
assertHasNotVoted witnessRoot 14965517519870244729390738761045571196191573473219870855632670069338692214320
assertHasNotVoted witnessKey 7232409477512398887283979880720284660708552483283488761492057334275229851967
B62qixo7ZaNjibjRh3dhU1rNLVzNUqDtgwyUB6n9xxYFrHEHmfJXbBf 1001
Key ( B62qixo7ZaNjibjRh3dhU1rNLVzNUqDtgwyUB6n9xxYFrHEHmfJXbBf 1001 ) => 7232409477512398887283979880720284660708552483283488761492057334275229851967
assertHasNotVoted recalculated Key 7232409477512398887283979880720284660708552483283488761492057334275229851967
dispatched action { isValid: true, positive: true, negative: false, ignore: false }
B62qixo7ZaNjibjRh3dhU1rNLVzNUqDtgwyUB6n9xxYFrHEHmfJXbBf 1001
Key ( B62qixo7ZaNjibjRh3dhU1rNLVzNUqDtgwyUB6n9xxYFrHEHmfJXbBf 1001 ) => 7232409477512398887283979880720284660708552483283488761492057334275229851967
sendVote claimUid= 1001
sender= B62qixo7ZaNjibjRh3dhU1rNLVzNUqDtgwyUB6n9xxYFrHEHmfJXbBf
electorId= B62qixo7ZaNjibjRh3dhU1rNLVzNUqDtgwyUB6n9xxYFrHEHmfJXbBf
B62qixo7ZaNjibjRh3dhU1rNLVzNUqDtgwyUB6n9xxYFrHEHmfJXbBf 1001
Key ( B62qixo7ZaNjibjRh3dhU1rNLVzNUqDtgwyUB6n9xxYFrHEHmfJXbBf 1001 ) => 7232409477512398887283979880720284660708552483283488761492057334275229851967
sendVote key= 7232409477512398887283979880720284660708552483283488761492057334275229851967
assertHasNotVoted witnessRoot 14965517519870244729390738761045571196191573473219870855632670069338692214320
assertHasNotVoted witnessKey 7232409477512398887283979880720284660708552483283488761492057334275229851967
B62qixo7ZaNjibjRh3dhU1rNLVzNUqDtgwyUB6n9xxYFrHEHmfJXbBf 1001
Key ( B62qixo7ZaNjibjRh3dhU1rNLVzNUqDtgwyUB6n9xxYFrHEHmfJXbBf 1001 ) => 7232409477512398887283979880720284660708552483283488761492057334275229851967
assertHasNotVoted recalculated Key 7232409477512398887283979880720284660708552483283488761492057334275229851967
dispatched action { isValid: true, positive: true, negative: false, ignore: false }
B62qixo7ZaNjibjRh3dhU1rNLVzNUqDtgwyUB6n9xxYFrHEHmfJXbBf 1001
Key ( B62qixo7ZaNjibjRh3dhU1rNLVzNUqDtgwyUB6n9xxYFrHEHmfJXbBf 1001 ) => 7232409477512398887283979880720284660708552483283488761492057334275229851967
sendVote claimUid= 1001
sender= B62qixo7ZaNjibjRh3dhU1rNLVzNUqDtgwyUB6n9xxYFrHEHmfJXbBf
electorId= B62qixo7ZaNjibjRh3dhU1rNLVzNUqDtgwyUB6n9xxYFrHEHmfJXbBf
B62qixo7ZaNjibjRh3dhU1rNLVzNUqDtgwyUB6n9xxYFrHEHmfJXbBf 1001
Key ( B62qixo7ZaNjibjRh3dhU1rNLVzNUqDtgwyUB6n9xxYFrHEHmfJXbBf 1001 ) => 7232409477512398887283979880720284660708552483283488761492057334275229851967
sendVote key= 7232409477512398887283979880720284660708552483283488761492057334275229851967
assertHasNotVoted witnessRoot 14965517519870244729390738761045571196191573473219870855632670069338692214320
assertHasNotVoted witnessKey 7232409477512398887283979880720284660708552483283488761492057334275229851967
B62qixo7ZaNjibjRh3dhU1rNLVzNUqDtgwyUB6n9xxYFrHEHmfJXbBf 1001
Key ( B62qixo7ZaNjibjRh3dhU1rNLVzNUqDtgwyUB6n9xxYFrHEHmfJXbBf 1001 ) => 7232409477512398887283979880720284660708552483283488761492057334275229851967
assertHasNotVoted recalculated Key 7232409477512398887283979880720284660708552483283488761492057334275229851967
dispatched action { isValid: true, positive: true, negative: false, ignore: false }
B62qixo7ZaNjibjRh3dhU1rNLVzNUqDtgwyUB6n9xxYFrHEHmfJXbBf 1001
Key ( B62qixo7ZaNjibjRh3dhU1rNLVzNUqDtgwyUB6n9xxYFrHEHmfJXbBf 1001 ) => 7232409477512398887283979880720284660708552483283488761492057334275229851967
assertHasNotVoted witnessRoot 14965517519870244729390738761045571196191573473219870855632670069338692214320
assertHasNotVoted witnessKey 7232409477512398887283979880720284660708552483283488761492057334275229851967
B62qixo7ZaNjibjRh3dhU1rNLVzNUqDtgwyUB6n9xxYFrHEHmfJXbBf 1001
Key ( B62qixo7ZaNjibjRh3dhU1rNLVzNUqDtgwyUB6n9xxYFrHEHmfJXbBf 1001 ) => 7232409477512398887283979880720284660708552483283488761492057334275229851967
assertHasNotVoted recalculated Key 7232409477512398887283979880720284660708552483283488761492057334275229851967
See transaction at https://berkeley.minaexplorer.com/transaction/5JumW7BXL1vhe3uG7wbiET8yBzYENUtURP8yw7J1Apgh37w6zDBj
      Waiting for transaction to be included...
