
Begin testing 'ClaimingContract' at= 2023-07-27T15:30:44.742Z

Proofs enabled= true

Compiling Contract ... [class ClaimingsContract extends SmartContract] {
  _methods: [
    {
      methodName: 'assertOnlyDeployer',
      witnessArgs: [Array],
      proofArgs: [],
      allArgs: [Array],
      genericArgs: []
    },
    {
      methodName: 'checkMerkleUpdate',
      witnessArgs: [Array],
      proofArgs: [],
      allArgs: [Array],
      genericArgs: []
    },
    {
      methodName: 'updateClaim',
      witnessArgs: [Array],
      proofArgs: [],
      allArgs: [Array],
      genericArgs: []
    },
    {
      methodName: 'updatePlan',
      witnessArgs: [Array],
      proofArgs: [],
      allArgs: [Array],
      genericArgs: []
    },
    {
      methodName: 'updateCredential',
      witnessArgs: [Array],
      proofArgs: [],
      allArgs: [Array],
      genericArgs: []
    }
  ],
  _maxProofsVerified: 0
}
compiled !

Deploy
deployer Addr= B62qnxyusYF7Hofo6h714gkSMTaB498qV89FrwKFMojgbUQSnCoUFSi
sender Addr= [Function: toBase58]
zkApp Addr= B62qqzoGnQJ1UKuoy6uAWprig8W7eQvjN2Whz8UcmDYNQjiiesB99hv
zkApp= ClaimingsContract {
  events: {},
  address: PublicKey {
    x: Field { value: [Array] },
    isOdd: Bool { value: [Array] }
  },
  tokenId: Field { value: [ 0, [Uint8Array] ] },
  _: {
    plansRoot: {
      _contract: [Object],
      set: [Function: set],
      assertEquals: [Function: assertEquals],
      assertNothing: [Function: assertNothing],
      get: [Function: get],
      getAndAssertEquals: [Function: getAndAssertEquals],
      fetch: [AsyncFunction: fetch],
      fromAppState: [Function: fromAppState]
    },
    claimsRoot: {
      _contract: [Object],
      set: [Function: set],
      assertEquals: [Function: assertEquals],
      assertNothing: [Function: assertNothing],
      get: [Function: get],
      getAndAssertEquals: [Function: getAndAssertEquals],
      fetch: [AsyncFunction: fetch],
      fromAppState: [Function: fromAppState]
    },
    credentialsRoot: {
      _contract: [Object],
      set: [Function: set],
      assertEquals: [Function: assertEquals],
      assertNothing: [Function: assertNothing],
      get: [Function: get],
      getAndAssertEquals: [Function: getAndAssertEquals],
      fetch: [AsyncFunction: fetch],
      fromAppState: [Function: fromAppState]
    }
  }
}
Deployed

Begin testing 'testUpdateClaim' at= 2023-07-27T15:32:15.535Z
ProvableClaim {
  uid: Field { value: [ 0, [Uint8Array] ] },
  communityUid: Field { value: [ 0, [Uint8Array] ] },
  planUid: Field { value: [ 0, [Uint8Array] ] },
  applicantUid: Field { value: [ 0, [Uint8Array] ] },
  accountId: PublicKey {
    x: Field { value: [Array] },
    isOdd: Bool { value: [Array] }
  },
  state: Field { value: [ 0, [Uint8Array] ] },
  alias: CircuitString {
    values: [
      [Character], [Character], [Character], [Character], [Character],
      [Character], [Character], [Character], [Character], [Character],
      [Character], [Character], [Character], [Character], [Character],
      [Character], [Character], [Character], [Character], [Character],
      [Character], [Character], [Character], [Character], [Character],
      [Character], [Character], [Character], [Character], [Character],
      [Character], [Character], [Character], [Character], [Character],
      [Character], [Character], [Character], [Character], [Character],
      [Character], [Character], [Character], [Character], [Character],
      [Character], [Character], [Character], [Character], [Character],
      [Character], [Character], [Character], [Character], [Character],
      [Character], [Character], [Character], [Character], [Character],
      [Character], [Character], [Character], [Character], [Character],
      [Character], [Character], [Character], [Character], [Character],
      [Character], [Character], [Character], [Character], [Character],
      [Character], [Character], [Character], [Character], [Character],
      [Character], [Character], [Character], [Character], [Character],
      [Character], [Character], [Character], [Character], [Character],
      [Character], [Character], [Character], [Character], [Character],
      [Character], [Character], [Character], [Character], [Character],
      ... 28 more items
    ]
  },
  createdUTC: Field { value: [ 0, [Uint8Array] ] },
  updatedUTC: Field { value: [ 0, [Uint8Array] ] },
  votedUTC: Field { value: [ 0, [Uint8Array] ] },
  issuedUTC: Field { value: [ 0, [Uint8Array] ] },
  dueUTC: Field { value: [ 0, [Uint8Array] ] },
  requiredVotes: Field { value: [ 0, [Uint8Array] ] },
  requiredPositives: Field { value: [ 0, [Uint8Array] ] },
  currentVotes: 0,
  positiveVotes: Field { value: [ 0, [Uint8Array] ] },
  negativeVotes: Field { value: [ 0, [Uint8Array] ] },
  ignoredVotes: Field { value: [ 0, [Uint8Array] ] },
  evidenceDataHash: Field { value: [ 0, [Uint8Array] ] }
}
Circuit.log previousRoot= 22731122946631793544306773678309960639073656601863129978322145324846701682624
Circuit.log previousKey= 255640072262448372347286376175049734334
Circuit.log equals afterLeaf.key= 255640072262448372347286376175049734334
Circuit.log previousKey= 255640072262448372347286376175049734334
Circuit.log hash= 3550877798621497542760516508136297076865721142316086007093570584612188301392
Circuit.log newRoot= 10764923128147389064491901469522028178876631878749853344795387197395330095817
Circuit.log previousRoot= 22731122946631793544306773678309960639073656601863129978322145324846701682624
Circuit.log previousKey= 255640072262448372347286376175049734334
Circuit.log equals afterLeaf.key= 255640072262448372347286376175049734334
Circuit.log previousKey= 255640072262448372347286376175049734334
Circuit.log hash= 3550877798621497542760516508136297076865721142316086007093570584612188301392
Circuit.log newRoot= 10764923128147389064491901469522028178876631878749853344795387197395330095817
Circuit.log previousRoot= 22731122946631793544306773678309960639073656601863129978322145324846701682624
Circuit.log previousKey= 255640072262448372347286376175049734334
Circuit.log equals afterLeaf.key= 255640072262448372347286376175049734334
Circuit.log previousKey= 255640072262448372347286376175049734334
Circuit.log hash= 3550877798621497542760516508136297076865721142316086007093570584612188301392
Circuit.log newRoot= 10764923128147389064491901469522028178876631878749853344795387197395330095817
