
{"level":30,"time":1690941657327,"pid":2327043,"hostname":"zen3","msg":"Runnning RandomAnonyomusValidators voting strategy ..."}
{
  uid: 'd3fdd149896a476e815992dcb3644024',
  claimUid: '5495d45cd27d46799b830c1da4f00747',
  assigneeUid: 'ec3c6e254d0b42debd939d9a7bd70015',
  state: 7,
  assignedUTC: 2023-08-02T02:00:57.328Z,
  completedUTC: null,
  dueUTC: 2023-08-12T02:00:57.328Z,
  rewarded: 0,
  reason: 0,
  new: true
}
{
  uid: '1f73887f2ece4392993e1ed0246c1c67',
  claimUid: '5495d45cd27d46799b830c1da4f00747',
  assigneeUid: 'ec3c6e254d0b42debd939d9a7bd70012',
  state: 7,
  assignedUTC: 2023-08-02T02:00:57.328Z,
  completedUTC: null,
  dueUTC: 2023-08-12T02:00:57.328Z,
  rewarded: 0,
  reason: 0,
  new: true
}
{
  uid: '1ffe11656192449fb2fc040b09c0d841',
  claimUid: '5495d45cd27d46799b830c1da4f00747',
  assigneeUid: 'ec3c6e254d0b42debd939d9a7bd70011',
  state: 7,
  assignedUTC: 2023-08-02T02:00:57.328Z,
  completedUTC: null,
  dueUTC: 2023-08-12T02:00:57.328Z,
  rewarded: 0,
  reason: 0,
  new: true
}
B62qmVuwdMgnTxpLPGd1kjcMTyof9XUcqAhQZ6TYaT3U6mrMNxkjQgY 112433111102824848705869712932270507847
Key ( B62qmVuwdMgnTxpLPGd1kjcMTyof9XUcqAhQZ6TYaT3U6mrMNxkjQgY 112433111102824848705869712932270507847 ) => 26381844343452106191820847236826896909762009050604781522928952417146554929982
Assigned to=mazito.v2+06@gmail.com task=d3fdd149896a476e815992dcb3644024 claim=5495d45cd27d46799b830c1da4f00747
Email  {
  to: 'mazito.v2+06@gmail.com',
  from: 'identicon.dao@gmail.com',
  subject: 'SocialCap is requesting your vote',
  text: '\n' +
    '      Hi there validator,\n' +
    '\n' +
    '      You have been assigned task #d3fdd149896a476e815992dcb3644024 !\n' +
    '      Please go to the Socialcap app and open the tab "My tasks".\n' +
    '      There you can evaluate this claim and emit your vote,\n' +
    '      Thanks in advance !\n' +
    '\n' +
    '      The SocialCap team.\n' +
    '    ',
  html: undefined
}
Assigned to=mazito.v2+02@gmail.com task=1ffe11656192449fb2fc040b09c0d841 claim=5495d45cd27d46799b830c1da4f00747
Email  {
  to: 'mazito.v2+02@gmail.com',
  from: 'identicon.dao@gmail.com',
  subject: 'SocialCap is requesting your vote',
  text: '\n' +
    '      Hi there validator,\n' +
    '\n' +
    '      You have been assigned task #1ffe11656192449fb2fc040b09c0d841 !\n' +
    '      Please go to the Socialcap app and open the tab "My tasks".\n' +
    '      There you can evaluate this claim and emit your vote,\n' +
    '      Thanks in advance !\n' +
    '\n' +
    '      The SocialCap team.\n' +
    '    ',
  html: undefined
}
addElectorsToNullifier 0 
root= 11345098070789667269770244262666570417994278532737201720909419002075931285637 
key= 26381844343452106191820847236826896909762009050604781522928952417146554929982
witnessRoot= 11345098070789667269770244262666570417994278532737201720909419002075931285637 
witnessKey= 14937098279758329414890692769334623337521883072771635741962754482361149525102
B62qrv52UvPq6m3VWszbSmF4i6bTzkFVymr769dVBGoTbUcEgkEUdjS 112433111102824848705869712932270507847
Key ( B62qrv52UvPq6m3VWszbSmF4i6bTzkFVymr769dVBGoTbUcEgkEUdjS 112433111102824848705869712932270507847 ) => 24423995719206838584473489344354088480953833282662736464869762907983570931634
Assigned to=mazito.v2+03@gmail.com task=1f73887f2ece4392993e1ed0246c1c67 claim=5495d45cd27d46799b830c1da4f00747
Email  {
  to: 'mazito.v2+03@gmail.com',
  from: 'identicon.dao@gmail.com',
  subject: 'SocialCap is requesting your vote',
  text: '\n' +
    '      Hi there validator,\n' +
    '\n' +
    '      You have been assigned task #1f73887f2ece4392993e1ed0246c1c67 !\n' +
    '      Please go to the Socialcap app and open the tab "My tasks".\n' +
    '      There you can evaluate this claim and emit your vote,\n' +
    '      Thanks in advance !\n' +
    '\n' +
    '      The SocialCap team.\n' +
    '    ',
  html: undefined
}
addElectorsToNullifier 1 
root= 11345098070789667269770244262666570417994278532737201720909419002075931285637 
key= 24423995719206838584473489344354088480953833282662736464869762907983570931634
witnessRoot= 11345098070789667269770244262666570417994278532737201720909419002075931285637 
witnessKey= 18192066578053905265203334563977886059601927037179897548786814172662039228851
B62qpH9Z7wA4FWYEbhf48PNhjKgeYhboVmBZNKd1tLSkFuZUoEiqYAm 112433111102824848705869712932270507847
Key ( B62qpH9Z7wA4FWYEbhf48PNhjKgeYhboVmBZNKd1tLSkFuZUoEiqYAm 112433111102824848705869712932270507847 ) => 12743106987723888052141810525900908471688104076920082108243744683172237306038
addElectorsToNullifier 2 
root= 11345098070789667269770244262666570417994278532737201720909419002075931285637 
key= 12743106987723888052141810525900908471688104076920082108243744683172237306038
witnessRoot= 11345098070789667269770244262666570417994278532737201720909419002075931285637 
witnessKey= 25569846126781126737424019051445873804084153144347981265387475828354444837488
{"level":30,"time":1690941931443,"pid":2327043,"hostname":"zen3","reqId":"req-2","req":{"method":"OPTIONS","url":"/api/mutation/request_otp","hostname":"localhost:3080","remoteAddress":"127.0.0.1","remotePort":33722},"msg":"incoming request"}
{"level":30,"time":1690941931444,"pid":2327043,"hostname":"zen3","reqId":"req-2","res":{"statusCode":204},"responseTime":0.5421079993247986,"msg":"request completed"}
{"level":30,"time":1690941931445,"pid":2327043,"hostname":"zen3","reqId":"req-3","req":{"method":"POST","url":"/api/mutation/request_otp","hostname":"localhost:3080","remoteAddress":"127.0.0.1","remotePort":33722},"msg":"incoming request"}
REQUEST BODY { params: { email: 'mazito.v2+012@gmail.com' } }
{"level":50,"time":1690941931447,"pid":2327043,"hostname":"zen3","msg":"Error 404: No user with email='mazito.v2+012@gmail.com'. Must sign up !"}
{"level":30,"time":1690941931447,"pid":2327043,"hostname":"zen3","reqId":"req-3","res":{"statusCode":404},"responseTime":2.130914032459259,"msg":"request completed"}
{"level":30,"time":1690941939174,"pid":2327043,"hostname":"zen3","reqId":"req-4","req":{"method":"OPTIONS","url":"/api/mutation/request_otp","hostname":"localhost:3080","remoteAddress":"127.0.0.1","remotePort":33722},"msg":"incoming request"}
{"level":30,"time":1690941939174,"pid":2327043,"hostname":"zen3","reqId":"req-4","res":{"statusCode":204},"responseTime":0.32029497623443604,"msg":"request completed"}
{"level":30,"time":1690941939176,"pid":2327043,"hostname":"zen3","reqId":"req-5","req":{"method":"POST","url":"/api/mutation/request_otp","hostname":"localhost:3080","remoteAddress":"127.0.0.1","remotePort":33722},"msg":"incoming request"}
REQUEST BODY { params: { email: 'mazito.v2+012@gmail.com' } }
{"level":50,"time":1690941939177,"pid":2327043,"hostname":"zen3","msg":"Error 404: No user with email='mazito.v2+012@gmail.com'. Must sign up !"}
{"level":30,"time":1690941939178,"pid":2327043,"hostname":"zen3","reqId":"req-5","res":{"statusCode":404},"responseTime":1.7967770099639893,"msg":"request completed"}
{"level":30,"time":1690942003480,"pid":2327043,"hostname":"zen3","reqId":"req-6","req":{"method":"OPTIONS","url":"/api/mutation/request_otp","hostname":"localhost:3080","remoteAddress":"127.0.0.1","remotePort":33722},"msg":"incoming request"}
{"level":30,"time":1690942003481,"pid":2327043,"hostname":"zen3","reqId":"req-6","res":{"statusCode":204},"responseTime":0.33956605195999146,"msg":"request completed"}
{"level":30,"time":1690942003482,"pid":2327043,"hostname":"zen3","reqId":"req-7","req":{"method":"POST","url":"/api/mutation/request_otp","hostname":"localhost:3080","remoteAddress":"127.0.0.1","remotePort":33722},"msg":"incoming request"}
REQUEST BODY { params: { email: 'mazito.v2+03@gmail.com' } }
request_otp email=mazito.v2+03@gmail.com otp=920070 sessionKey=38a79a7bda1c4013a32b0ef2ea133af0
request_otp email=mazito.v2+03@gmail.com otp=920070 sessionKey=38a79a7bda1c4013a32b0ef2ea133af0
Email  {
  to: 'mazito.v2+03@gmail.com',
  from: 'identicon.dao@gmail.com',
  subject: 'Session OTP',
  text: 'Session OTP',
  html: 'Your OTP is <strong>920070</strong>'
}
send email result undefined
{"level":30,"time":1690942003486,"pid":2327043,"hostname":"zen3","reqId":"req-7","res":{"statusCode":200},"responseTime":3.908728003501892,"msg":"request completed"}
{"level":30,"time":1690942020659,"pid":2327043,"hostname":"zen3","reqId":"req-8","req":{"method":"OPTIONS","url":"/api/mutation/login","hostname":"localhost:3080","remoteAddress":"127.0.0.1","remotePort":33722},"msg":"incoming request"}
{"level":30,"time":1690942020659,"pid":2327043,"hostname":"zen3","reqId":"req-8","res":{"statusCode":204},"responseTime":0.21994298696517944,"msg":"request completed"}
{"level":30,"time":1690942020660,"pid":2327043,"hostname":"zen3","reqId":"req-9","req":{"method":"POST","url":"/api/mutation/login","hostname":"localhost:3080","remoteAddress":"127.0.0.1","remotePort":33722},"msg":"incoming request"}
REQUEST BODY {
  params: { session_key: '38a79a7bda1c4013a32b0ef2ea133af0', otp: '920070' }
}
JWT signed= eyJhbGciOiJIUzI1NiIsInR5cCI6IkpXVCJ9.eyJ1aWQiOiJlYzNjNmUyNTRkMGI0MmRlYmQ5MzlkOWE3YmQ3MDAxMiIsInNlc3Npb25fa2V5IjoiMzhhNzlhN2JkYTFjNDAxM2EzMmIwZWYyZWExMzNhZjAiLCJjcmVhdGVkX3V0YyI6IjIwMjMtMDgtMDJUMDI6MDc6MDAuNjYyWiIsImV4cGlyZXNfdXRjIjpudWxsLCJpYXQiOjE2OTA5NDIwMjB9.D0H2mxzzgg2ZldRnk_Duxa-DczXTOYpeRRl1fmIgBS8 2023-08-02T02:07:00.663Z
{"level":30,"time":1690942020663,"pid":2327043,"hostname":"zen3","reqId":"req-9","res":{"statusCode":200},"responseTime":2.785531997680664,"msg":"request completed"}
{"level":30,"time":1690942021174,"pid":2327043,"hostname":"zen3","reqId":"req-a","req":{"method":"OPTIONS","url":"/api/query/get_my_claimables?params=undefined","hostname":"localhost:3080","remoteAddress":"127.0.0.1","remotePort":33722},"msg":"incoming request"}
{"level":30,"time":1690942021175,"pid":2327043,"hostname":"zen3","reqId":"req-a","res":{"statusCode":204},"responseTime":0.2246229648590088,"msg":"request completed"}
{"level":30,"time":1690942021176,"pid":2327043,"hostname":"zen3","reqId":"req-b","req":{"method":"GET","url":"/api/query/get_my_claimables?params=undefined","hostname":"localhost:3080","remoteAddress":"127.0.0.1","remotePort":33722},"msg":"incoming request"}
{
  uid: 'ec3c6e254d0b42debd939d9a7bd70012',
  session_key: '38a79a7bda1c4013a32b0ef2ea133af0',
  created_utc: '2023-08-02T02:07:00.662Z',
  expires_utc: null,
  iat: 1690942020
}
{"level":30,"time":1690942021176,"pid":2327043,"hostname":"zen3","msg":"Handler get_my_claimables needs authorization"}
{"level":30,"time":1690942021181,"pid":2327043,"hostname":"zen3","reqId":"req-b","res":{"statusCode":200},"responseTime":5.154367029666901,"msg":"request completed"}
{"level":30,"time":1690942021183,"pid":2327043,"hostname":"zen3","reqId":"req-c","req":{"method":"OPTIONS","url":"/api/query/get_my_credentials?params=undefined","hostname":"localhost:3080","remoteAddress":"127.0.0.1","remotePort":33722},"msg":"incoming request"}
{"level":30,"time":1690942021183,"pid":2327043,"hostname":"zen3","reqId":"req-c","res":{"statusCode":204},"responseTime":0.1905519962310791,"msg":"request completed"}
{"level":30,"time":1690942021184,"pid":2327043,"hostname":"zen3","reqId":"req-d","req":{"method":"GET","url":"/api/query/get_my_credentials?params=undefined","hostname":"localhost:3080","remoteAddress":"127.0.0.1","remotePort":33722},"msg":"incoming request"}
{
  uid: 'ec3c6e254d0b42debd939d9a7bd70012',
  session_key: '38a79a7bda1c4013a32b0ef2ea133af0',
  created_utc: '2023-08-02T02:07:00.662Z',
  expires_utc: null,
  iat: 1690942020
}
{"level":30,"time":1690942021184,"pid":2327043,"hostname":"zen3","msg":"Handler get_my_credentials needs authorization"}
{"level":30,"time":1690942021185,"pid":2327043,"hostname":"zen3","reqId":"req-d","res":{"statusCode":200},"responseTime":1.481863021850586,"msg":"request completed"}
{"level":30,"time":1690942021187,"pid":2327043,"hostname":"zen3","reqId":"req-e","req":{"method":"OPTIONS","url":"/api/query/get_my_claims?params=undefined","hostname":"localhost:3080","remoteAddress":"127.0.0.1","remotePort":33722},"msg":"incoming request"}
{"level":30,"time":1690942021188,"pid":2327043,"hostname":"zen3","reqId":"req-e","res":{"statusCode":204},"responseTime":0.22608399391174316,"msg":"request completed"}
{"level":30,"time":1690942021189,"pid":2327043,"hostname":"zen3","reqId":"req-f","req":{"method":"GET","url":"/api/query/get_my_claims?params=undefined","hostname":"localhost:3080","remoteAddress":"127.0.0.1","remotePort":33722},"msg":"incoming request"}
{
  uid: 'ec3c6e254d0b42debd939d9a7bd70012',
  session_key: '38a79a7bda1c4013a32b0ef2ea133af0',
  created_utc: '2023-08-02T02:07:00.662Z',
  expires_utc: null,
  iat: 1690942020
}
{"level":30,"time":1690942021189,"pid":2327043,"hostname":"zen3","msg":"Handler get_my_claims needs authorization"}
{"level":30,"time":1690942021191,"pid":2327043,"hostname":"zen3","reqId":"req-f","res":{"statusCode":200},"responseTime":2.785691976547241,"msg":"request completed"}
{"level":30,"time":1690942021194,"pid":2327043,"hostname":"zen3","reqId":"req-g","req":{"method":"OPTIONS","url":"/api/query/get_my_communities?params={}","hostname":"localhost:3080","remoteAddress":"127.0.0.1","remotePort":33722},"msg":"incoming request"}
{"level":30,"time":1690942021194,"pid":2327043,"hostname":"zen3","reqId":"req-g","res":{"statusCode":204},"responseTime":0.20074301958084106,"msg":"request completed"}
{"level":30,"time":1690942021195,"pid":2327043,"hostname":"zen3","reqId":"req-h","req":{"method":"GET","url":"/api/query/get_my_communities?params={}","hostname":"localhost:3080","remoteAddress":"127.0.0.1","remotePort":33722},"msg":"incoming request"}
{
  uid: 'ec3c6e254d0b42debd939d9a7bd70012',
  session_key: '38a79a7bda1c4013a32b0ef2ea133af0',
  created_utc: '2023-08-02T02:07:00.662Z',
  expires_utc: null,
  iat: 1690942020
}
{"level":30,"time":1690942021195,"pid":2327043,"hostname":"zen3","msg":"Handler get_my_communities needs authorization"}
{"level":30,"time":1690942021197,"pid":2327043,"hostname":"zen3","reqId":"req-h","res":{"statusCode":200},"responseTime":2.114171028137207,"msg":"request completed"}
{"level":30,"time":1690942021200,"pid":2327043,"hostname":"zen3","reqId":"req-i","req":{"method":"OPTIONS","url":"/api/query/get_all_communities?params={%22notJoined%22:true}","hostname":"localhost:3080","remoteAddress":"127.0.0.1","remotePort":33722},"msg":"incoming request"}
{"level":30,"time":1690942021200,"pid":2327043,"hostname":"zen3","reqId":"req-i","res":{"statusCode":204},"responseTime":0.3381350040435791,"msg":"request completed"}
{"level":30,"time":1690942021201,"pid":2327043,"hostname":"zen3","reqId":"req-j","req":{"method":"GET","url":"/api/query/get_all_communities?params={%22notJoined%22:true}","hostname":"localhost:3080","remoteAddress":"127.0.0.1","remotePort":33722},"msg":"incoming request"}
{
  uid: 'ec3c6e254d0b42debd939d9a7bd70012',
  session_key: '38a79a7bda1c4013a32b0ef2ea133af0',
  created_utc: '2023-08-02T02:07:00.662Z',
  expires_utc: null,
  iat: 1690942020
}
{"level":30,"time":1690942021201,"pid":2327043,"hostname":"zen3","msg":"Handler get_all_communities needs authorization"}
{"level":30,"time":1690942021203,"pid":2327043,"hostname":"zen3","reqId":"req-j","res":{"statusCode":200},"responseTime":1.9983599781990051,"msg":"request completed"}
{"level":30,"time":1690942021205,"pid":2327043,"hostname":"zen3","reqId":"req-k","req":{"method":"OPTIONS","url":"/api/query/get_all_communities?params=undefined","hostname":"localhost:3080","remoteAddress":"127.0.0.1","remotePort":33722},"msg":"incoming request"}
{"level":30,"time":1690942021205,"pid":2327043,"hostname":"zen3","reqId":"req-k","res":{"statusCode":204},"responseTime":0.34617501497268677,"msg":"request completed"}
{"level":30,"time":1690942021206,"pid":2327043,"hostname":"zen3","reqId":"req-l","req":{"method":"GET","url":"/api/query/get_all_communities?params=undefined","hostname":"localhost:3080","remoteAddress":"127.0.0.1","remotePort":33722},"msg":"incoming request"}
{
  uid: 'ec3c6e254d0b42debd939d9a7bd70012',
  session_key: '38a79a7bda1c4013a32b0ef2ea133af0',
  created_utc: '2023-08-02T02:07:00.662Z',
  expires_utc: null,
  iat: 1690942020
}
{"level":30,"time":1690942021206,"pid":2327043,"hostname":"zen3","msg":"Handler get_all_communities needs authorization"}
{"level":30,"time":1690942021208,"pid":2327043,"hostname":"zen3","reqId":"req-l","res":{"statusCode":200},"responseTime":1.5262730121612549,"msg":"request completed"}
{"level":30,"time":1690942021210,"pid":2327043,"hostname":"zen3","reqId":"req-m","req":{"method":"OPTIONS","url":"/api/query/get_my_tasks?params=undefined","hostname":"localhost:3080","remoteAddress":"127.0.0.1","remotePort":33722},"msg":"incoming request"}
{"level":30,"time":1690942021210,"pid":2327043,"hostname":"zen3","reqId":"req-m","res":{"statusCode":204},"responseTime":0.24845397472381592,"msg":"request completed"}
{"level":30,"time":1690942021211,"pid":2327043,"hostname":"zen3","reqId":"req-n","req":{"method":"GET","url":"/api/query/get_my_tasks?params=undefined","hostname":"localhost:3080","remoteAddress":"127.0.0.1","remotePort":33722},"msg":"incoming request"}
{
  uid: 'ec3c6e254d0b42debd939d9a7bd70012',
  session_key: '38a79a7bda1c4013a32b0ef2ea133af0',
  created_utc: '2023-08-02T02:07:00.662Z',
  expires_utc: null,
  iat: 1690942020
}
{"level":30,"time":1690942021211,"pid":2327043,"hostname":"zen3","msg":"Handler get_my_tasks needs authorization"}
{"level":30,"time":1690942021215,"pid":2327043,"hostname":"zen3","reqId":"req-n","res":{"statusCode":200},"responseTime":3.9125279784202576,"msg":"request completed"}
{"level":30,"time":1690942027250,"pid":2327043,"hostname":"zen3","reqId":"req-o","req":{"method":"OPTIONS","url":"/api/query/get_profile?params={}","hostname":"localhost:3080","remoteAddress":"127.0.0.1","remotePort":33722},"msg":"incoming request"}
{"level":30,"time":1690942027250,"pid":2327043,"hostname":"zen3","reqId":"req-o","res":{"statusCode":204},"responseTime":0.2138429880142212,"msg":"request completed"}
{"level":30,"time":1690942027251,"pid":2327043,"hostname":"zen3","reqId":"req-p","req":{"method":"GET","url":"/api/query/get_profile?params={}","hostname":"localhost:3080","remoteAddress":"127.0.0.1","remotePort":33722},"msg":"incoming request"}
{
  uid: 'ec3c6e254d0b42debd939d9a7bd70012',
  session_key: '38a79a7bda1c4013a32b0ef2ea133af0',
  created_utc: '2023-08-02T02:07:00.662Z',
  expires_utc: null,
  iat: 1690942020
}
{"level":30,"time":1690942027251,"pid":2327043,"hostname":"zen3","msg":"Handler get_profile needs authorization"}
{"level":30,"time":1690942027253,"pid":2327043,"hostname":"zen3","reqId":"req-p","res":{"statusCode":200},"responseTime":1.741346001625061,"msg":"request completed"}
{"level":30,"time":1690942027293,"pid":2327043,"hostname":"zen3","reqId":"req-q","req":{"method":"OPTIONS","url":"/api/query/get_my_claimables?params=undefined","hostname":"localhost:3080","remoteAddress":"127.0.0.1","remotePort":33722},"msg":"incoming request"}
{"level":30,"time":1690942027293,"pid":2327043,"hostname":"zen3","reqId":"req-q","res":{"statusCode":204},"responseTime":0.21902400255203247,"msg":"request completed"}
{"level":30,"time":1690942027294,"pid":2327043,"hostname":"zen3","reqId":"req-r","req":{"method":"GET","url":"/api/query/get_my_claimables?params=undefined","hostname":"localhost:3080","remoteAddress":"127.0.0.1","remotePort":33722},"msg":"incoming request"}
{
  uid: 'ec3c6e254d0b42debd939d9a7bd70012',
  session_key: '38a79a7bda1c4013a32b0ef2ea133af0',
  created_utc: '2023-08-02T02:07:00.662Z',
  expires_utc: null,
  iat: 1690942020
}
{"level":30,"time":1690942027294,"pid":2327043,"hostname":"zen3","msg":"Handler get_my_claimables needs authorization"}
{"level":30,"time":1690942027296,"pid":2327043,"hostname":"zen3","reqId":"req-r","res":{"statusCode":200},"responseTime":2.471637010574341,"msg":"request completed"}
{"level":30,"time":1690942027297,"pid":2327043,"hostname":"zen3","reqId":"req-s","req":{"method":"OPTIONS","url":"/api/query/get_my_credentials?params=undefined","hostname":"localhost:3080","remoteAddress":"127.0.0.1","remotePort":33722},"msg":"incoming request"}
{"level":30,"time":1690942027297,"pid":2327043,"hostname":"zen3","reqId":"req-s","res":{"statusCode":204},"responseTime":0.081371009349823,"msg":"request completed"}
{"level":30,"time":1690942027298,"pid":2327043,"hostname":"zen3","reqId":"req-t","req":{"method":"GET","url":"/api/query/get_my_credentials?params=undefined","hostname":"localhost:3080","remoteAddress":"127.0.0.1","remotePort":33722},"msg":"incoming request"}
{
  uid: 'ec3c6e254d0b42debd939d9a7bd70012',
  session_key: '38a79a7bda1c4013a32b0ef2ea133af0',
  created_utc: '2023-08-02T02:07:00.662Z',
  expires_utc: null,
  iat: 1690942020
}
{"level":30,"time":1690942027298,"pid":2327043,"hostname":"zen3","msg":"Handler get_my_credentials needs authorization"}
{"level":30,"time":1690942027299,"pid":2327043,"hostname":"zen3","reqId":"req-t","res":{"statusCode":200},"responseTime":0.8685929775238037,"msg":"request completed"}
{"level":30,"time":1690942027300,"pid":2327043,"hostname":"zen3","reqId":"req-u","req":{"method":"OPTIONS","url":"/api/query/get_my_claims?params=undefined","hostname":"localhost:3080","remoteAddress":"127.0.0.1","remotePort":33722},"msg":"incoming request"}
{"level":30,"time":1690942027300,"pid":2327043,"hostname":"zen3","reqId":"req-u","res":{"statusCode":204},"responseTime":0.07128196954727173,"msg":"request completed"}
{"level":30,"time":1690942027301,"pid":2327043,"hostname":"zen3","reqId":"req-v","req":{"method":"GET","url":"/api/query/get_my_claims?params=undefined","hostname":"localhost:3080","remoteAddress":"127.0.0.1","remotePort":33722},"msg":"incoming request"}
{
  uid: 'ec3c6e254d0b42debd939d9a7bd70012',
  session_key: '38a79a7bda1c4013a32b0ef2ea133af0',
  created_utc: '2023-08-02T02:07:00.662Z',
  expires_utc: null,
  iat: 1690942020
}
{"level":30,"time":1690942027301,"pid":2327043,"hostname":"zen3","msg":"Handler get_my_claims needs authorization"}
{"level":30,"time":1690942027303,"pid":2327043,"hostname":"zen3","reqId":"req-v","res":{"statusCode":200},"responseTime":1.7747769951820374,"msg":"request completed"}
{"level":30,"time":1690942027304,"pid":2327043,"hostname":"zen3","reqId":"req-w","req":{"method":"OPTIONS","url":"/api/query/get_my_communities?params={}","hostname":"localhost:3080","remoteAddress":"127.0.0.1","remotePort":33722},"msg":"incoming request"}
{"level":30,"time":1690942027304,"pid":2327043,"hostname":"zen3","reqId":"req-w","res":{"statusCode":204},"responseTime":0.09800195693969727,"msg":"request completed"}
{"level":30,"time":1690942027305,"pid":2327043,"hostname":"zen3","reqId":"req-x","req":{"method":"GET","url":"/api/query/get_my_communities?params={}","hostname":"localhost:3080","remoteAddress":"127.0.0.1","remotePort":33722},"msg":"incoming request"}
{
  uid: 'ec3c6e254d0b42debd939d9a7bd70012',
  session_key: '38a79a7bda1c4013a32b0ef2ea133af0',
  created_utc: '2023-08-02T02:07:00.662Z',
  expires_utc: null,
  iat: 1690942020
}
{"level":30,"time":1690942027305,"pid":2327043,"hostname":"zen3","msg":"Handler get_my_communities needs authorization"}
{"level":30,"time":1690942027306,"pid":2327043,"hostname":"zen3","reqId":"req-x","res":{"statusCode":200},"responseTime":1.3417310118675232,"msg":"request completed"}
{"level":30,"time":1690942027307,"pid":2327043,"hostname":"zen3","reqId":"req-y","req":{"method":"OPTIONS","url":"/api/query/get_all_communities?params={%22notJoined%22:true}","hostname":"localhost:3080","remoteAddress":"127.0.0.1","remotePort":33722},"msg":"incoming request"}
{"level":30,"time":1690942027307,"pid":2327043,"hostname":"zen3","reqId":"req-y","res":{"statusCode":204},"responseTime":0.07645100355148315,"msg":"request completed"}
{"level":30,"time":1690942027308,"pid":2327043,"hostname":"zen3","reqId":"req-z","req":{"method":"GET","url":"/api/query/get_all_communities?params={%22notJoined%22:true}","hostname":"localhost:3080","remoteAddress":"127.0.0.1","remotePort":33722},"msg":"incoming request"}
{
  uid: 'ec3c6e254d0b42debd939d9a7bd70012',
  session_key: '38a79a7bda1c4013a32b0ef2ea133af0',
  created_utc: '2023-08-02T02:07:00.662Z',
  expires_utc: null,
  iat: 1690942020
}
{"level":30,"time":1690942027308,"pid":2327043,"hostname":"zen3","msg":"Handler get_all_communities needs authorization"}
{"level":30,"time":1690942027309,"pid":2327043,"hostname":"zen3","reqId":"req-z","res":{"statusCode":200},"responseTime":1.0591560006141663,"msg":"request completed"}
{"level":30,"time":1690942027310,"pid":2327043,"hostname":"zen3","reqId":"req-10","req":{"method":"OPTIONS","url":"/api/query/get_all_communities?params=undefined","hostname":"localhost:3080","remoteAddress":"127.0.0.1","remotePort":33722},"msg":"incoming request"}
{"level":30,"time":1690942027310,"pid":2327043,"hostname":"zen3","reqId":"req-10","res":{"statusCode":204},"responseTime":0.07026100158691406,"msg":"request completed"}
{"level":30,"time":1690942027311,"pid":2327043,"hostname":"zen3","reqId":"req-11","req":{"method":"GET","url":"/api/query/get_all_communities?params=undefined","hostname":"localhost:3080","remoteAddress":"127.0.0.1","remotePort":33722},"msg":"incoming request"}
{
  uid: 'ec3c6e254d0b42debd939d9a7bd70012',
  session_key: '38a79a7bda1c4013a32b0ef2ea133af0',
  created_utc: '2023-08-02T02:07:00.662Z',
  expires_utc: null,
  iat: 1690942020
}
{"level":30,"time":1690942027311,"pid":2327043,"hostname":"zen3","msg":"Handler get_all_communities needs authorization"}
{"level":30,"time":1690942027312,"pid":2327043,"hostname":"zen3","reqId":"req-11","res":{"statusCode":200},"responseTime":1.0689560174942017,"msg":"request completed"}
{"level":30,"time":1690942027313,"pid":2327043,"hostname":"zen3","reqId":"req-12","req":{"method":"OPTIONS","url":"/api/query/get_my_tasks?params=undefined","hostname":"localhost:3080","remoteAddress":"127.0.0.1","remotePort":33722},"msg":"incoming request"}
{"level":30,"time":1690942027313,"pid":2327043,"hostname":"zen3","reqId":"req-12","res":{"statusCode":204},"responseTime":0.07220202684402466,"msg":"request completed"}
{"level":30,"time":1690942027314,"pid":2327043,"hostname":"zen3","reqId":"req-13","req":{"method":"GET","url":"/api/query/get_my_tasks?params=undefined","hostname":"localhost:3080","remoteAddress":"127.0.0.1","remotePort":33722},"msg":"incoming request"}
{
  uid: 'ec3c6e254d0b42debd939d9a7bd70012',
  session_key: '38a79a7bda1c4013a32b0ef2ea133af0',
  created_utc: '2023-08-02T02:07:00.662Z',
  expires_utc: null,
  iat: 1690942020
}
{"level":30,"time":1690942027314,"pid":2327043,"hostname":"zen3","msg":"Handler get_my_tasks needs authorization"}
{"level":30,"time":1690942027316,"pid":2327043,"hostname":"zen3","reqId":"req-13","res":{"statusCode":200},"responseTime":2.401005983352661,"msg":"request completed"}
{"level":30,"time":1690942127788,"pid":2327043,"hostname":"zen3","reqId":"req-14","req":{"method":"OPTIONS","url":"/api/query/get_task?params={%22uid%22:%221f73887f2ece4392993e1ed0246c1c67%22}","hostname":"localhost:3080","remoteAddress":"127.0.0.1","remotePort":42148},"msg":"incoming request"}
{"level":30,"time":1690942127788,"pid":2327043,"hostname":"zen3","reqId":"req-14","res":{"statusCode":204},"responseTime":0.20457303524017334,"msg":"request completed"}
{"level":30,"time":1690942127789,"pid":2327043,"hostname":"zen3","reqId":"req-15","req":{"method":"GET","url":"/api/query/get_task?params={%22uid%22:%221f73887f2ece4392993e1ed0246c1c67%22}","hostname":"localhost:3080","remoteAddress":"127.0.0.1","remotePort":42148},"msg":"incoming request"}
{
  uid: 'ec3c6e254d0b42debd939d9a7bd70012',
  session_key: '38a79a7bda1c4013a32b0ef2ea133af0',
  created_utc: '2023-08-02T02:07:00.662Z',
  expires_utc: null,
  iat: 1690942020
}
{"level":30,"time":1690942127789,"pid":2327043,"hostname":"zen3","msg":"Handler get_task needs authorization"}
{"level":30,"time":1690942127793,"pid":2327043,"hostname":"zen3","reqId":"req-15","res":{"statusCode":200},"responseTime":3.9944599866867065,"msg":"request completed"}
{"level":30,"time":1690942154974,"pid":2327043,"hostname":"zen3","reqId":"req-16","req":{"method":"OPTIONS","url":"/api/query/get_my_claimables?params=undefined","hostname":"localhost:3080","remoteAddress":"127.0.0.1","remotePort":42148},"msg":"incoming request"}
{"level":30,"time":1690942154974,"pid":2327043,"hostname":"zen3","reqId":"req-16","res":{"statusCode":204},"responseTime":0.19869303703308105,"msg":"request completed"}
{"level":30,"time":1690942154975,"pid":2327043,"hostname":"zen3","reqId":"req-17","req":{"method":"GET","url":"/api/query/get_my_claimables?params=undefined","hostname":"localhost:3080","remoteAddress":"127.0.0.1","remotePort":42148},"msg":"incoming request"}
{
  uid: 'ec3c6e254d0b42debd939d9a7bd70012',
  session_key: '38a79a7bda1c4013a32b0ef2ea133af0',
  created_utc: '2023-08-02T02:07:00.662Z',
  expires_utc: null,
  iat: 1690942020
}
{"level":30,"time":1690942154975,"pid":2327043,"hostname":"zen3","msg":"Handler get_my_claimables needs authorization"}
{"level":30,"time":1690942154978,"pid":2327043,"hostname":"zen3","reqId":"req-17","res":{"statusCode":200},"responseTime":2.539358973503113,"msg":"request completed"}
{"level":30,"time":1690942154979,"pid":2327043,"hostname":"zen3","reqId":"req-18","req":{"method":"OPTIONS","url":"/api/query/get_my_credentials?params=undefined","hostname":"localhost:3080","remoteAddress":"127.0.0.1","remotePort":42148},"msg":"incoming request"}
{"level":30,"time":1690942154979,"pid":2327043,"hostname":"zen3","reqId":"req-18","res":{"statusCode":204},"responseTime":0.092801034450531,"msg":"request completed"}
{"level":30,"time":1690942154980,"pid":2327043,"hostname":"zen3","reqId":"req-19","req":{"method":"GET","url":"/api/query/get_my_credentials?params=undefined","hostname":"localhost:3080","remoteAddress":"127.0.0.1","remotePort":42148},"msg":"incoming request"}
{
  uid: 'ec3c6e254d0b42debd939d9a7bd70012',
  session_key: '38a79a7bda1c4013a32b0ef2ea133af0',
  created_utc: '2023-08-02T02:07:00.662Z',
  expires_utc: null,
  iat: 1690942020
}
{"level":30,"time":1690942154980,"pid":2327043,"hostname":"zen3","msg":"Handler get_my_credentials needs authorization"}
{"level":30,"time":1690942154981,"pid":2327043,"hostname":"zen3","reqId":"req-19","res":{"statusCode":200},"responseTime":0.8183020353317261,"msg":"request completed"}
{"level":30,"time":1690942154984,"pid":2327043,"hostname":"zen3","reqId":"req-1a","req":{"method":"OPTIONS","url":"/api/query/get_my_claims?params=undefined","hostname":"localhost:3080","remoteAddress":"127.0.0.1","remotePort":42148},"msg":"incoming request"}
{"level":30,"time":1690942154984,"pid":2327043,"hostname":"zen3","reqId":"req-1a","res":{"statusCode":204},"responseTime":0.1591019630432129,"msg":"request completed"}
{"level":30,"time":1690942154985,"pid":2327043,"hostname":"zen3","reqId":"req-1b","req":{"method":"GET","url":"/api/query/get_my_claims?params=undefined","hostname":"localhost:3080","remoteAddress":"127.0.0.1","remotePort":42148},"msg":"incoming request"}
{
  uid: 'ec3c6e254d0b42debd939d9a7bd70012',
  session_key: '38a79a7bda1c4013a32b0ef2ea133af0',
  created_utc: '2023-08-02T02:07:00.662Z',
  expires_utc: null,
  iat: 1690942020
}
{"level":30,"time":1690942154985,"pid":2327043,"hostname":"zen3","msg":"Handler get_my_claims needs authorization"}
{"level":30,"time":1690942154987,"pid":2327043,"hostname":"zen3","reqId":"req-1b","res":{"statusCode":200},"responseTime":2.036930024623871,"msg":"request completed"}
{"level":30,"time":1690942154989,"pid":2327043,"hostname":"zen3","reqId":"req-1c","req":{"method":"OPTIONS","url":"/api/query/get_my_communities?params={}","hostname":"localhost:3080","remoteAddress":"127.0.0.1","remotePort":42148},"msg":"incoming request"}
{"level":30,"time":1690942154990,"pid":2327043,"hostname":"zen3","reqId":"req-1c","res":{"statusCode":204},"responseTime":0.16071200370788574,"msg":"request completed"}
{"level":30,"time":1690942154991,"pid":2327043,"hostname":"zen3","reqId":"req-1d","req":{"method":"GET","url":"/api/query/get_my_communities?params={}","hostname":"localhost:3080","remoteAddress":"127.0.0.1","remotePort":42148},"msg":"incoming request"}
{
  uid: 'ec3c6e254d0b42debd939d9a7bd70012',
  session_key: '38a79a7bda1c4013a32b0ef2ea133af0',
  created_utc: '2023-08-02T02:07:00.662Z',
  expires_utc: null,
  iat: 1690942020
}
{"level":30,"time":1690942154991,"pid":2327043,"hostname":"zen3","msg":"Handler get_my_communities needs authorization"}
{"level":30,"time":1690942154992,"pid":2327043,"hostname":"zen3","reqId":"req-1d","res":{"statusCode":200},"responseTime":1.432382047176361,"msg":"request completed"}
{"level":30,"time":1690942154994,"pid":2327043,"hostname":"zen3","reqId":"req-1e","req":{"method":"OPTIONS","url":"/api/query/get_all_communities?params={%22notJoined%22:true}","hostname":"localhost:3080","remoteAddress":"127.0.0.1","remotePort":42148},"msg":"incoming request"}
{"level":30,"time":1690942154994,"pid":2327043,"hostname":"zen3","reqId":"req-1e","res":{"statusCode":204},"responseTime":0.11911100149154663,"msg":"request completed"}
{"level":30,"time":1690942154994,"pid":2327043,"hostname":"zen3","reqId":"req-1f","req":{"method":"GET","url":"/api/query/get_all_communities?params={%22notJoined%22:true}","hostname":"localhost:3080","remoteAddress":"127.0.0.1","remotePort":42148},"msg":"incoming request"}
{
  uid: 'ec3c6e254d0b42debd939d9a7bd70012',
  session_key: '38a79a7bda1c4013a32b0ef2ea133af0',
  created_utc: '2023-08-02T02:07:00.662Z',
  expires_utc: null,
  iat: 1690942020
}
{"level":30,"time":1690942154995,"pid":2327043,"hostname":"zen3","msg":"Handler get_all_communities needs authorization"}
{"level":30,"time":1690942154996,"pid":2327043,"hostname":"zen3","reqId":"req-1f","res":{"statusCode":200},"responseTime":1.138526976108551,"msg":"request completed"}
{"level":30,"time":1690942154997,"pid":2327043,"hostname":"zen3","reqId":"req-1g","req":{"method":"OPTIONS","url":"/api/query/get_all_communities?params=undefined","hostname":"localhost:3080","remoteAddress":"127.0.0.1","remotePort":42148},"msg":"incoming request"}
{"level":30,"time":1690942154997,"pid":2327043,"hostname":"zen3","reqId":"req-1g","res":{"statusCode":204},"responseTime":0.1995829939842224,"msg":"request completed"}
{"level":30,"time":1690942154998,"pid":2327043,"hostname":"zen3","reqId":"req-1h","req":{"method":"GET","url":"/api/query/get_all_communities?params=undefined","hostname":"localhost:3080","remoteAddress":"127.0.0.1","remotePort":42148},"msg":"incoming request"}
{
  uid: 'ec3c6e254d0b42debd939d9a7bd70012',
  session_key: '38a79a7bda1c4013a32b0ef2ea133af0',
  created_utc: '2023-08-02T02:07:00.662Z',
  expires_utc: null,
  iat: 1690942020
}
{"level":30,"time":1690942154998,"pid":2327043,"hostname":"zen3","msg":"Handler get_all_communities needs authorization"}
{"level":30,"time":1690942154999,"pid":2327043,"hostname":"zen3","reqId":"req-1h","res":{"statusCode":200},"responseTime":1.1481370329856873,"msg":"request completed"}
{"level":30,"time":1690942155001,"pid":2327043,"hostname":"zen3","reqId":"req-1i","req":{"method":"OPTIONS","url":"/api/query/get_my_tasks?params=undefined","hostname":"localhost:3080","remoteAddress":"127.0.0.1","remotePort":42148},"msg":"incoming request"}
{"level":30,"time":1690942155001,"pid":2327043,"hostname":"zen3","reqId":"req-1i","res":{"statusCode":204},"responseTime":0.14000296592712402,"msg":"request completed"}
{"level":30,"time":1690942155002,"pid":2327043,"hostname":"zen3","reqId":"req-1j","req":{"method":"GET","url":"/api/query/get_my_tasks?params=undefined","hostname":"localhost:3080","remoteAddress":"127.0.0.1","remotePort":42148},"msg":"incoming request"}
{
  uid: 'ec3c6e254d0b42debd939d9a7bd70012',
  session_key: '38a79a7bda1c4013a32b0ef2ea133af0',
  created_utc: '2023-08-02T02:07:00.662Z',
  expires_utc: null,
  iat: 1690942020
}
{"level":30,"time":1690942155002,"pid":2327043,"hostname":"zen3","msg":"Handler get_my_tasks needs authorization"}
{"level":30,"time":1690942155004,"pid":2327043,"hostname":"zen3","reqId":"req-1j","res":{"statusCode":200},"responseTime":2.1880339980125427,"msg":"request completed"}
{"level":30,"time":1690942245310,"pid":2327043,"hostname":"zen3","reqId":"req-1k","req":{"method":"OPTIONS","url":"/api/mutation/request_otp","hostname":"localhost:3080","remoteAddress":"127.0.0.1","remotePort":43806},"msg":"incoming request"}
{"level":30,"time":1690942245311,"pid":2327043,"hostname":"zen3","reqId":"req-1k","res":{"statusCode":204},"responseTime":0.4540169835090637,"msg":"request completed"}
{"level":30,"time":1690942245312,"pid":2327043,"hostname":"zen3","reqId":"req-1l","req":{"method":"POST","url":"/api/mutation/request_otp","hostname":"localhost:3080","remoteAddress":"127.0.0.1","remotePort":43806},"msg":"incoming request"}
REQUEST BODY { params: { email: 'mazito.v2+03@gmail.com' } }
request_otp email=mazito.v2+03@gmail.com otp=448976 sessionKey=2b14549b3c224d48a3dc9b4396530b75
request_otp email=mazito.v2+03@gmail.com otp=448976 sessionKey=2b14549b3c224d48a3dc9b4396530b75
Email  {
  to: 'mazito.v2+03@gmail.com',
  from: 'identicon.dao@gmail.com',
  subject: 'Session OTP',
  text: 'Session OTP',
  html: 'Your OTP is <strong>448976</strong>'
}
send email result undefined
{"level":30,"time":1690942245318,"pid":2327043,"hostname":"zen3","reqId":"req-1l","res":{"statusCode":200},"responseTime":5.302321016788483,"msg":"request completed"}
{"level":30,"time":1690942261711,"pid":2327043,"hostname":"zen3","reqId":"req-1m","req":{"method":"OPTIONS","url":"/api/mutation/login","hostname":"localhost:3080","remoteAddress":"127.0.0.1","remotePort":43806},"msg":"incoming request"}
{"level":30,"time":1690942261711,"pid":2327043,"hostname":"zen3","reqId":"req-1m","res":{"statusCode":204},"responseTime":0.23476296663284302,"msg":"request completed"}
{"level":30,"time":1690942261712,"pid":2327043,"hostname":"zen3","reqId":"req-1n","req":{"method":"POST","url":"/api/mutation/login","hostname":"localhost:3080","remoteAddress":"127.0.0.1","remotePort":43806},"msg":"incoming request"}
REQUEST BODY {
  params: { session_key: '2b14549b3c224d48a3dc9b4396530b75', otp: '448976' }
}
JWT signed= eyJhbGciOiJIUzI1NiIsInR5cCI6IkpXVCJ9.eyJ1aWQiOiJlYzNjNmUyNTRkMGI0MmRlYmQ5MzlkOWE3YmQ3MDAxMiIsInNlc3Npb25fa2V5IjoiMmIxNDU0OWIzYzIyNGQ0OGEzZGM5YjQzOTY1MzBiNzUiLCJjcmVhdGVkX3V0YyI6IjIwMjMtMDgtMDJUMDI6MTE6MDEuNzE0WiIsImV4cGlyZXNfdXRjIjpudWxsLCJpYXQiOjE2OTA5NDIyNjF9.b8ChbxiUv-HdwNfifBYMVa6MkGHDQM6aER8uHPhWyIY 2023-08-02T02:11:01.714Z
{"level":30,"time":1690942261714,"pid":2327043,"hostname":"zen3","reqId":"req-1n","res":{"statusCode":200},"responseTime":2.0723519921302795,"msg":"request completed"}
{"level":30,"time":1690942262224,"pid":2327043,"hostname":"zen3","reqId":"req-1o","req":{"method":"OPTIONS","url":"/api/query/get_my_claimables?params=undefined","hostname":"localhost:3080","remoteAddress":"127.0.0.1","remotePort":43806},"msg":"incoming request"}
{"level":30,"time":1690942262224,"pid":2327043,"hostname":"zen3","reqId":"req-1o","res":{"statusCode":204},"responseTime":0.28593504428863525,"msg":"request completed"}
{"level":30,"time":1690942262226,"pid":2327043,"hostname":"zen3","reqId":"req-1p","req":{"method":"GET","url":"/api/query/get_my_claimables?params=undefined","hostname":"localhost:3080","remoteAddress":"127.0.0.1","remotePort":43806},"msg":"incoming request"}
{
  uid: 'ec3c6e254d0b42debd939d9a7bd70012',
  session_key: '2b14549b3c224d48a3dc9b4396530b75',
  created_utc: '2023-08-02T02:11:01.714Z',
  expires_utc: null,
  iat: 1690942261
}
{"level":30,"time":1690942262226,"pid":2327043,"hostname":"zen3","msg":"Handler get_my_claimables needs authorization"}
{"level":30,"time":1690942262228,"pid":2327043,"hostname":"zen3","reqId":"req-1p","res":{"statusCode":200},"responseTime":2.720072031021118,"msg":"request completed"}
{"level":30,"time":1690942262232,"pid":2327043,"hostname":"zen3","reqId":"req-1q","req":{"method":"OPTIONS","url":"/api/query/get_my_credentials?params=undefined","hostname":"localhost:3080","remoteAddress":"127.0.0.1","remotePort":43806},"msg":"incoming request"}
{"level":30,"time":1690942262232,"pid":2327043,"hostname":"zen3","reqId":"req-1q","res":{"statusCode":204},"responseTime":0.14934200048446655,"msg":"request completed"}
{"level":30,"time":1690942262234,"pid":2327043,"hostname":"zen3","reqId":"req-1r","req":{"method":"GET","url":"/api/query/get_my_credentials?params=undefined","hostname":"localhost:3080","remoteAddress":"127.0.0.1","remotePort":43806},"msg":"incoming request"}
{
  uid: 'ec3c6e254d0b42debd939d9a7bd70012',
  session_key: '2b14549b3c224d48a3dc9b4396530b75',
  created_utc: '2023-08-02T02:11:01.714Z',
  expires_utc: null,
  iat: 1690942261
}
{"level":30,"time":1690942262234,"pid":2327043,"hostname":"zen3","msg":"Handler get_my_credentials needs authorization"}
{"level":30,"time":1690942262235,"pid":2327043,"hostname":"zen3","reqId":"req-1r","res":{"statusCode":200},"responseTime":1.2073479890823364,"msg":"request completed"}
{"level":30,"time":1690942262239,"pid":2327043,"hostname":"zen3","reqId":"req-1s","req":{"method":"OPTIONS","url":"/api/query/get_my_claims?params=undefined","hostname":"localhost:3080","remoteAddress":"127.0.0.1","remotePort":43806},"msg":"incoming request"}
{"level":30,"time":1690942262239,"pid":2327043,"hostname":"zen3","reqId":"req-1s","res":{"statusCode":204},"responseTime":0.13495200872421265,"msg":"request completed"}
{"level":30,"time":1690942262240,"pid":2327043,"hostname":"zen3","reqId":"req-1t","req":{"method":"GET","url":"/api/query/get_my_claims?params=undefined","hostname":"localhost:3080","remoteAddress":"127.0.0.1","remotePort":43806},"msg":"incoming request"}
{
  uid: 'ec3c6e254d0b42debd939d9a7bd70012',
  session_key: '2b14549b3c224d48a3dc9b4396530b75',
  created_utc: '2023-08-02T02:11:01.714Z',
  expires_utc: null,
  iat: 1690942261
}
{"level":30,"time":1690942262240,"pid":2327043,"hostname":"zen3","msg":"Handler get_my_claims needs authorization"}
{"level":30,"time":1690942262242,"pid":2327043,"hostname":"zen3","reqId":"req-1t","res":{"statusCode":200},"responseTime":1.9823209643363953,"msg":"request completed"}
{"level":30,"time":1690942262244,"pid":2327043,"hostname":"zen3","reqId":"req-1u","req":{"method":"OPTIONS","url":"/api/query/get_my_communities?params={}","hostname":"localhost:3080","remoteAddress":"127.0.0.1","remotePort":43806},"msg":"incoming request"}
{"level":30,"time":1690942262245,"pid":2327043,"hostname":"zen3","reqId":"req-1u","res":{"statusCode":204},"responseTime":0.08637100458145142,"msg":"request completed"}
{"level":30,"time":1690942262246,"pid":2327043,"hostname":"zen3","reqId":"req-1v","req":{"method":"GET","url":"/api/query/get_my_communities?params={}","hostname":"localhost:3080","remoteAddress":"127.0.0.1","remotePort":43806},"msg":"incoming request"}
{
  uid: 'ec3c6e254d0b42debd939d9a7bd70012',
  session_key: '2b14549b3c224d48a3dc9b4396530b75',
  created_utc: '2023-08-02T02:11:01.714Z',
  expires_utc: null,
  iat: 1690942261
}
{"level":30,"time":1690942262246,"pid":2327043,"hostname":"zen3","msg":"Handler get_my_communities needs authorization"}
{"level":30,"time":1690942262247,"pid":2327043,"hostname":"zen3","reqId":"req-1v","res":{"statusCode":200},"responseTime":1.3576210141181946,"msg":"request completed"}
{"level":30,"time":1690942262250,"pid":2327043,"hostname":"zen3","reqId":"req-1w","req":{"method":"OPTIONS","url":"/api/query/get_all_communities?params={%22notJoined%22:true}","hostname":"localhost:3080","remoteAddress":"127.0.0.1","remotePort":43806},"msg":"incoming request"}
{"level":30,"time":1690942262250,"pid":2327043,"hostname":"zen3","reqId":"req-1w","res":{"statusCode":204},"responseTime":0.08024197816848755,"msg":"request completed"}
{"level":30,"time":1690942262251,"pid":2327043,"hostname":"zen3","reqId":"req-1x","req":{"method":"GET","url":"/api/query/get_all_communities?params={%22notJoined%22:true}","hostname":"localhost:3080","remoteAddress":"127.0.0.1","remotePort":43806},"msg":"incoming request"}
{
  uid: 'ec3c6e254d0b42debd939d9a7bd70012',
  session_key: '2b14549b3c224d48a3dc9b4396530b75',
  created_utc: '2023-08-02T02:11:01.714Z',
  expires_utc: null,
  iat: 1690942261
}
{"level":30,"time":1690942262251,"pid":2327043,"hostname":"zen3","msg":"Handler get_all_communities needs authorization"}
{"level":30,"time":1690942262252,"pid":2327043,"hostname":"zen3","reqId":"req-1x","res":{"statusCode":200},"responseTime":1.3349800109863281,"msg":"request completed"}
{"level":30,"time":1690942262255,"pid":2327043,"hostname":"zen3","reqId":"req-1y","req":{"method":"OPTIONS","url":"/api/query/get_all_communities?params=undefined","hostname":"localhost:3080","remoteAddress":"127.0.0.1","remotePort":43806},"msg":"incoming request"}
{"level":30,"time":1690942262255,"pid":2327043,"hostname":"zen3","reqId":"req-1y","res":{"statusCode":204},"responseTime":0.0734509825706482,"msg":"request completed"}
{"level":30,"time":1690942262256,"pid":2327043,"hostname":"zen3","reqId":"req-1z","req":{"method":"GET","url":"/api/query/get_all_communities?params=undefined","hostname":"localhost:3080","remoteAddress":"127.0.0.1","remotePort":43806},"msg":"incoming request"}
{
  uid: 'ec3c6e254d0b42debd939d9a7bd70012',
  session_key: '2b14549b3c224d48a3dc9b4396530b75',
  created_utc: '2023-08-02T02:11:01.714Z',
  expires_utc: null,
  iat: 1690942261
}
{"level":30,"time":1690942262256,"pid":2327043,"hostname":"zen3","msg":"Handler get_all_communities needs authorization"}
{"level":30,"time":1690942262257,"pid":2327043,"hostname":"zen3","reqId":"req-1z","res":{"statusCode":200},"responseTime":1.3202709555625916,"msg":"request completed"}
{"level":30,"time":1690942262259,"pid":2327043,"hostname":"zen3","reqId":"req-20","req":{"method":"OPTIONS","url":"/api/query/get_my_tasks?params=undefined","hostname":"localhost:3080","remoteAddress":"127.0.0.1","remotePort":43806},"msg":"incoming request"}
{"level":30,"time":1690942262260,"pid":2327043,"hostname":"zen3","reqId":"req-20","res":{"statusCode":204},"responseTime":0.06922101974487305,"msg":"request completed"}
{"level":30,"time":1690942262261,"pid":2327043,"hostname":"zen3","reqId":"req-21","req":{"method":"GET","url":"/api/query/get_my_tasks?params=undefined","hostname":"localhost:3080","remoteAddress":"127.0.0.1","remotePort":43806},"msg":"incoming request"}
{
  uid: 'ec3c6e254d0b42debd939d9a7bd70012',
  session_key: '2b14549b3c224d48a3dc9b4396530b75',
  created_utc: '2023-08-02T02:11:01.714Z',
  expires_utc: null,
  iat: 1690942261
}
{"level":30,"time":1690942262261,"pid":2327043,"hostname":"zen3","msg":"Handler get_my_tasks needs authorization"}
{"level":30,"time":1690942262264,"pid":2327043,"hostname":"zen3","reqId":"req-21","res":{"statusCode":200},"responseTime":2.791453003883362,"msg":"request completed"}
{"level":30,"time":1690942267719,"pid":2327043,"hostname":"zen3","reqId":"req-22","req":{"method":"OPTIONS","url":"/api/query/get_profile?params={}","hostname":"localhost:3080","remoteAddress":"127.0.0.1","remotePort":43806},"msg":"incoming request"}
{"level":30,"time":1690942267720,"pid":2327043,"hostname":"zen3","reqId":"req-22","res":{"statusCode":204},"responseTime":0.2547229528427124,"msg":"request completed"}
{"level":30,"time":1690942267721,"pid":2327043,"hostname":"zen3","reqId":"req-23","req":{"method":"GET","url":"/api/query/get_profile?params={}","hostname":"localhost:3080","remoteAddress":"127.0.0.1","remotePort":43806},"msg":"incoming request"}
{
  uid: 'ec3c6e254d0b42debd939d9a7bd70012',
  session_key: '2b14549b3c224d48a3dc9b4396530b75',
  created_utc: '2023-08-02T02:11:01.714Z',
  expires_utc: null,
  iat: 1690942261
}
{"level":30,"time":1690942267721,"pid":2327043,"hostname":"zen3","msg":"Handler get_profile needs authorization"}
{"level":30,"time":1690942267723,"pid":2327043,"hostname":"zen3","reqId":"req-23","res":{"statusCode":200},"responseTime":1.3692209720611572,"msg":"request completed"}
{"level":30,"time":1690942267784,"pid":2327043,"hostname":"zen3","reqId":"req-24","req":{"method":"OPTIONS","url":"/api/query/get_my_claimables?params=undefined","hostname":"localhost:3080","remoteAddress":"127.0.0.1","remotePort":43806},"msg":"incoming request"}
{"level":30,"time":1690942267784,"pid":2327043,"hostname":"zen3","reqId":"req-24","res":{"statusCode":204},"responseTime":0.18688303232192993,"msg":"request completed"}
{"level":30,"time":1690942267785,"pid":2327043,"hostname":"zen3","reqId":"req-25","req":{"method":"GET","url":"/api/query/get_my_claimables?params=undefined","hostname":"localhost:3080","remoteAddress":"127.0.0.1","remotePort":43806},"msg":"incoming request"}
{
  uid: 'ec3c6e254d0b42debd939d9a7bd70012',
  session_key: '2b14549b3c224d48a3dc9b4396530b75',
  created_utc: '2023-08-02T02:11:01.714Z',
  expires_utc: null,
  iat: 1690942261
}
{"level":30,"time":1690942267785,"pid":2327043,"hostname":"zen3","msg":"Handler get_my_claimables needs authorization"}
{"level":30,"time":1690942267787,"pid":2327043,"hostname":"zen3","reqId":"req-25","res":{"statusCode":200},"responseTime":2.3664870262145996,"msg":"request completed"}
{"level":30,"time":1690942267790,"pid":2327043,"hostname":"zen3","reqId":"req-26","req":{"method":"OPTIONS","url":"/api/query/get_my_credentials?params=undefined","hostname":"localhost:3080","remoteAddress":"127.0.0.1","remotePort":43806},"msg":"incoming request"}
{"level":30,"time":1690942267790,"pid":2327043,"hostname":"zen3","reqId":"req-26","res":{"statusCode":204},"responseTime":0.1726830005645752,"msg":"request completed"}
{"level":30,"time":1690942267792,"pid":2327043,"hostname":"zen3","reqId":"req-27","req":{"method":"GET","url":"/api/query/get_my_credentials?params=undefined","hostname":"localhost:3080","remoteAddress":"127.0.0.1","remotePort":43806},"msg":"incoming request"}
{
  uid: 'ec3c6e254d0b42debd939d9a7bd70012',
  session_key: '2b14549b3c224d48a3dc9b4396530b75',
  created_utc: '2023-08-02T02:11:01.714Z',
  expires_utc: null,
  iat: 1690942261
}
{"level":30,"time":1690942267792,"pid":2327043,"hostname":"zen3","msg":"Handler get_my_credentials needs authorization"}
{"level":30,"time":1690942267793,"pid":2327043,"hostname":"zen3","reqId":"req-27","res":{"statusCode":200},"responseTime":1.0408259630203247,"msg":"request completed"}
{"level":30,"time":1690942267796,"pid":2327043,"hostname":"zen3","reqId":"req-28","req":{"method":"OPTIONS","url":"/api/query/get_my_claims?params=undefined","hostname":"localhost:3080","remoteAddress":"127.0.0.1","remotePort":43806},"msg":"incoming request"}
{"level":30,"time":1690942267796,"pid":2327043,"hostname":"zen3","reqId":"req-28","res":{"statusCode":204},"responseTime":0.1208919882774353,"msg":"request completed"}
{"level":30,"time":1690942267797,"pid":2327043,"hostname":"zen3","reqId":"req-29","req":{"method":"GET","url":"/api/query/get_my_claims?params=undefined","hostname":"localhost:3080","remoteAddress":"127.0.0.1","remotePort":43806},"msg":"incoming request"}
{
  uid: 'ec3c6e254d0b42debd939d9a7bd70012',
  session_key: '2b14549b3c224d48a3dc9b4396530b75',
  created_utc: '2023-08-02T02:11:01.714Z',
  expires_utc: null,
  iat: 1690942261
}
{"level":30,"time":1690942267797,"pid":2327043,"hostname":"zen3","msg":"Handler get_my_claims needs authorization"}
{"level":30,"time":1690942267799,"pid":2327043,"hostname":"zen3","reqId":"req-29","res":{"statusCode":200},"responseTime":2.171063005924225,"msg":"request completed"}
{"level":30,"time":1690942267802,"pid":2327043,"hostname":"zen3","reqId":"req-2a","req":{"method":"OPTIONS","url":"/api/query/get_my_communities?params={}","hostname":"localhost:3080","remoteAddress":"127.0.0.1","remotePort":43806},"msg":"incoming request"}
{"level":30,"time":1690942267802,"pid":2327043,"hostname":"zen3","reqId":"req-2a","res":{"statusCode":204},"responseTime":0.092631995677948,"msg":"request completed"}
{"level":30,"time":1690942267803,"pid":2327043,"hostname":"zen3","reqId":"req-2b","req":{"method":"GET","url":"/api/query/get_my_communities?params={}","hostname":"localhost:3080","remoteAddress":"127.0.0.1","remotePort":43806},"msg":"incoming request"}
{
  uid: 'ec3c6e254d0b42debd939d9a7bd70012',
  session_key: '2b14549b3c224d48a3dc9b4396530b75',
  created_utc: '2023-08-02T02:11:01.714Z',
  expires_utc: null,
  iat: 1690942261
}
{"level":30,"time":1690942267803,"pid":2327043,"hostname":"zen3","msg":"Handler get_my_communities needs authorization"}
{"level":30,"time":1690942267805,"pid":2327043,"hostname":"zen3","reqId":"req-2b","res":{"statusCode":200},"responseTime":1.3756120204925537,"msg":"request completed"}
{"level":30,"time":1690942267807,"pid":2327043,"hostname":"zen3","reqId":"req-2c","req":{"method":"OPTIONS","url":"/api/query/get_all_communities?params={%22notJoined%22:true}","hostname":"localhost:3080","remoteAddress":"127.0.0.1","remotePort":43806},"msg":"incoming request"}
{"level":30,"time":1690942267807,"pid":2327043,"hostname":"zen3","reqId":"req-2c","res":{"statusCode":204},"responseTime":0.17942297458648682,"msg":"request completed"}
{"level":30,"time":1690942267809,"pid":2327043,"hostname":"zen3","reqId":"req-2d","req":{"method":"GET","url":"/api/query/get_all_communities?params={%22notJoined%22:true}","hostname":"localhost:3080","remoteAddress":"127.0.0.1","remotePort":43806},"msg":"incoming request"}
{
  uid: 'ec3c6e254d0b42debd939d9a7bd70012',
  session_key: '2b14549b3c224d48a3dc9b4396530b75',
  created_utc: '2023-08-02T02:11:01.714Z',
  expires_utc: null,
  iat: 1690942261
}
{"level":30,"time":1690942267809,"pid":2327043,"hostname":"zen3","msg":"Handler get_all_communities needs authorization"}
{"level":30,"time":1690942267810,"pid":2327043,"hostname":"zen3","reqId":"req-2d","res":{"statusCode":200},"responseTime":1.366001009941101,"msg":"request completed"}
{"level":30,"time":1690942267813,"pid":2327043,"hostname":"zen3","reqId":"req-2e","req":{"method":"OPTIONS","url":"/api/query/get_all_communities?params=undefined","hostname":"localhost:3080","remoteAddress":"127.0.0.1","remotePort":43806},"msg":"incoming request"}
{"level":30,"time":1690942267813,"pid":2327043,"hostname":"zen3","reqId":"req-2e","res":{"statusCode":204},"responseTime":0.1910330057144165,"msg":"request completed"}
{"level":30,"time":1690942267814,"pid":2327043,"hostname":"zen3","reqId":"req-2f","req":{"method":"GET","url":"/api/query/get_all_communities?params=undefined","hostname":"localhost:3080","remoteAddress":"127.0.0.1","remotePort":43806},"msg":"incoming request"}
{
  uid: 'ec3c6e254d0b42debd939d9a7bd70012',
  session_key: '2b14549b3c224d48a3dc9b4396530b75',
  created_utc: '2023-08-02T02:11:01.714Z',
  expires_utc: null,
  iat: 1690942261
}
{"level":30,"time":1690942267815,"pid":2327043,"hostname":"zen3","msg":"Handler get_all_communities needs authorization"}
{"level":30,"time":1690942267816,"pid":2327043,"hostname":"zen3","reqId":"req-2f","res":{"statusCode":200},"responseTime":1.7127659916877747,"msg":"request completed"}
{"level":30,"time":1690942267819,"pid":2327043,"hostname":"zen3","reqId":"req-2g","req":{"method":"OPTIONS","url":"/api/query/get_my_tasks?params=undefined","hostname":"localhost:3080","remoteAddress":"127.0.0.1","remotePort":43806},"msg":"incoming request"}
{"level":30,"time":1690942267819,"pid":2327043,"hostname":"zen3","reqId":"req-2g","res":{"statusCode":204},"responseTime":0.14507204294204712,"msg":"request completed"}
{"level":30,"time":1690942267820,"pid":2327043,"hostname":"zen3","reqId":"req-2h","req":{"method":"GET","url":"/api/query/get_my_tasks?params=undefined","hostname":"localhost:3080","remoteAddress":"127.0.0.1","remotePort":43806},"msg":"incoming request"}
{
  uid: 'ec3c6e254d0b42debd939d9a7bd70012',
  session_key: '2b14549b3c224d48a3dc9b4396530b75',
  created_utc: '2023-08-02T02:11:01.714Z',
  expires_utc: null,
  iat: 1690942261
}
{"level":30,"time":1690942267820,"pid":2327043,"hostname":"zen3","msg":"Handler get_my_tasks needs authorization"}
{"level":30,"time":1690942267823,"pid":2327043,"hostname":"zen3","reqId":"req-2h","res":{"statusCode":200},"responseTime":3.017665982246399,"msg":"request completed"}
{"level":30,"time":1690942274194,"pid":2327043,"hostname":"zen3","reqId":"req-2i","req":{"method":"OPTIONS","url":"/api/query/get_task?params={%22uid%22:%221f73887f2ece4392993e1ed0246c1c67%22}","hostname":"localhost:3080","remoteAddress":"127.0.0.1","remotePort":43806},"msg":"incoming request"}
{"level":30,"time":1690942274194,"pid":2327043,"hostname":"zen3","reqId":"req-2i","res":{"statusCode":204},"responseTime":0.2478640079498291,"msg":"request completed"}
{"level":30,"time":1690942274195,"pid":2327043,"hostname":"zen3","reqId":"req-2j","req":{"method":"GET","url":"/api/query/get_task?params={%22uid%22:%221f73887f2ece4392993e1ed0246c1c67%22}","hostname":"localhost:3080","remoteAddress":"127.0.0.1","remotePort":43806},"msg":"incoming request"}
{
  uid: 'ec3c6e254d0b42debd939d9a7bd70012',
  session_key: '2b14549b3c224d48a3dc9b4396530b75',
  created_utc: '2023-08-02T02:11:01.714Z',
  expires_utc: null,
  iat: 1690942261
}
{"level":30,"time":1690942274195,"pid":2327043,"hostname":"zen3","msg":"Handler get_task needs authorization"}
{"level":30,"time":1690942274198,"pid":2327043,"hostname":"zen3","reqId":"req-2j","res":{"statusCode":200},"responseTime":3.0420870184898376,"msg":"request completed"}
{"level":30,"time":1690942709182,"pid":2327043,"hostname":"zen3","reqId":"req-2k","req":{"method":"OPTIONS","url":"/api/query/get_my_claimables?params=undefined","hostname":"localhost:3080","remoteAddress":"127.0.0.1","remotePort":40206},"msg":"incoming request"}
{"level":30,"time":1690942709182,"pid":2327043,"hostname":"zen3","reqId":"req-2k","res":{"statusCode":204},"responseTime":0.23804402351379395,"msg":"request completed"}
{"level":30,"time":1690942709185,"pid":2327043,"hostname":"zen3","reqId":"req-2l","req":{"method":"GET","url":"/api/query/get_my_claimables?params=undefined","hostname":"localhost:3080","remoteAddress":"127.0.0.1","remotePort":40206},"msg":"incoming request"}
{
  uid: 'ec3c6e254d0b42debd939d9a7bd70012',
  session_key: '2b14549b3c224d48a3dc9b4396530b75',
  created_utc: '2023-08-02T02:11:01.714Z',
  expires_utc: null,
  iat: 1690942261
}
{"level":30,"time":1690942709185,"pid":2327043,"hostname":"zen3","msg":"Handler get_my_claimables needs authorization"}
{"level":30,"time":1690942709231,"pid":2327043,"hostname":"zen3","reqId":"req-2l","res":{"statusCode":200},"responseTime":46.0757320523262,"msg":"request completed"}
{"level":30,"time":1690942709235,"pid":2327043,"hostname":"zen3","reqId":"req-2m","req":{"method":"OPTIONS","url":"/api/query/get_my_credentials?params=undefined","hostname":"localhost:3080","remoteAddress":"127.0.0.1","remotePort":40206},"msg":"incoming request"}
{"level":30,"time":1690942709235,"pid":2327043,"hostname":"zen3","reqId":"req-2m","res":{"statusCode":204},"responseTime":0.12929195165634155,"msg":"request completed"}
{"level":30,"time":1690942709236,"pid":2327043,"hostname":"zen3","reqId":"req-2n","req":{"method":"GET","url":"/api/query/get_my_credentials?params=undefined","hostname":"localhost:3080","remoteAddress":"127.0.0.1","remotePort":40206},"msg":"incoming request"}
{
  uid: 'ec3c6e254d0b42debd939d9a7bd70012',
  session_key: '2b14549b3c224d48a3dc9b4396530b75',
  created_utc: '2023-08-02T02:11:01.714Z',
  expires_utc: null,
  iat: 1690942261
}
{"level":30,"time":1690942709236,"pid":2327043,"hostname":"zen3","msg":"Handler get_my_credentials needs authorization"}
{"level":30,"time":1690942709237,"pid":2327043,"hostname":"zen3","reqId":"req-2n","res":{"statusCode":200},"responseTime":1.1380879878997803,"msg":"request completed"}
{"level":30,"time":1690942709240,"pid":2327043,"hostname":"zen3","reqId":"req-2o","req":{"method":"OPTIONS","url":"/api/query/get_my_claims?params=undefined","hostname":"localhost:3080","remoteAddress":"127.0.0.1","remotePort":40206},"msg":"incoming request"}
{"level":30,"time":1690942709240,"pid":2327043,"hostname":"zen3","reqId":"req-2o","res":{"statusCode":204},"responseTime":0.09658098220825195,"msg":"request completed"}
{"level":30,"time":1690942709241,"pid":2327043,"hostname":"zen3","reqId":"req-2p","req":{"method":"GET","url":"/api/query/get_my_claims?params=undefined","hostname":"localhost:3080","remoteAddress":"127.0.0.1","remotePort":40206},"msg":"incoming request"}
{
  uid: 'ec3c6e254d0b42debd939d9a7bd70012',
  session_key: '2b14549b3c224d48a3dc9b4396530b75',
  created_utc: '2023-08-02T02:11:01.714Z',
  expires_utc: null,
  iat: 1690942261
}
{"level":30,"time":1690942709241,"pid":2327043,"hostname":"zen3","msg":"Handler get_my_claims needs authorization"}
{"level":30,"time":1690942709243,"pid":2327043,"hostname":"zen3","reqId":"req-2p","res":{"statusCode":200},"responseTime":1.9565309882164001,"msg":"request completed"}
{"level":30,"time":1690942709245,"pid":2327043,"hostname":"zen3","reqId":"req-2q","req":{"method":"OPTIONS","url":"/api/query/get_my_communities?params={}","hostname":"localhost:3080","remoteAddress":"127.0.0.1","remotePort":40206},"msg":"incoming request"}
{"level":30,"time":1690942709246,"pid":2327043,"hostname":"zen3","reqId":"req-2q","res":{"statusCode":204},"responseTime":0.10165202617645264,"msg":"request completed"}
{"level":30,"time":1690942709247,"pid":2327043,"hostname":"zen3","reqId":"req-2r","req":{"method":"GET","url":"/api/query/get_my_communities?params={}","hostname":"localhost:3080","remoteAddress":"127.0.0.1","remotePort":40206},"msg":"incoming request"}
{
  uid: 'ec3c6e254d0b42debd939d9a7bd70012',
  session_key: '2b14549b3c224d48a3dc9b4396530b75',
  created_utc: '2023-08-02T02:11:01.714Z',
  expires_utc: null,
  iat: 1690942261
}
{"level":30,"time":1690942709247,"pid":2327043,"hostname":"zen3","msg":"Handler get_my_communities needs authorization"}
{"level":30,"time":1690942709248,"pid":2327043,"hostname":"zen3","reqId":"req-2r","res":{"statusCode":200},"responseTime":1.2392399907112122,"msg":"request completed"}
{"level":30,"time":1690942709251,"pid":2327043,"hostname":"zen3","reqId":"req-2s","req":{"method":"OPTIONS","url":"/api/query/get_all_communities?params={%22notJoined%22:true}","hostname":"localhost:3080","remoteAddress":"127.0.0.1","remotePort":40206},"msg":"incoming request"}
{"level":30,"time":1690942709251,"pid":2327043,"hostname":"zen3","reqId":"req-2s","res":{"statusCode":204},"responseTime":0.10424202680587769,"msg":"request completed"}
{"level":30,"time":1690942709252,"pid":2327043,"hostname":"zen3","reqId":"req-2t","req":{"method":"GET","url":"/api/query/get_all_communities?params={%22notJoined%22:true}","hostname":"localhost:3080","remoteAddress":"127.0.0.1","remotePort":40206},"msg":"incoming request"}
{
  uid: 'ec3c6e254d0b42debd939d9a7bd70012',
  session_key: '2b14549b3c224d48a3dc9b4396530b75',
  created_utc: '2023-08-02T02:11:01.714Z',
  expires_utc: null,
  iat: 1690942261
}
{"level":30,"time":1690942709252,"pid":2327043,"hostname":"zen3","msg":"Handler get_all_communities needs authorization"}
{"level":30,"time":1690942709253,"pid":2327043,"hostname":"zen3","reqId":"req-2t","res":{"statusCode":200},"responseTime":1.215599000453949,"msg":"request completed"}
{"level":30,"time":1690942709256,"pid":2327043,"hostname":"zen3","reqId":"req-2u","req":{"method":"OPTIONS","url":"/api/query/get_all_communities?params=undefined","hostname":"localhost:3080","remoteAddress":"127.0.0.1","remotePort":40206},"msg":"incoming request"}
{"level":30,"time":1690942709256,"pid":2327043,"hostname":"zen3","reqId":"req-2u","res":{"statusCode":204},"responseTime":0.10452097654342651,"msg":"request completed"}
{"level":30,"time":1690942709257,"pid":2327043,"hostname":"zen3","reqId":"req-2v","req":{"method":"GET","url":"/api/query/get_all_communities?params=undefined","hostname":"localhost:3080","remoteAddress":"127.0.0.1","remotePort":40206},"msg":"incoming request"}
{
  uid: 'ec3c6e254d0b42debd939d9a7bd70012',
  session_key: '2b14549b3c224d48a3dc9b4396530b75',
  created_utc: '2023-08-02T02:11:01.714Z',
  expires_utc: null,
  iat: 1690942261
}
{"level":30,"time":1690942709257,"pid":2327043,"hostname":"zen3","msg":"Handler get_all_communities needs authorization"}
{"level":30,"time":1690942709258,"pid":2327043,"hostname":"zen3","reqId":"req-2v","res":{"statusCode":200},"responseTime":1.1474779844284058,"msg":"request completed"}
{"level":30,"time":1690942709261,"pid":2327043,"hostname":"zen3","reqId":"req-2w","req":{"method":"OPTIONS","url":"/api/query/get_my_tasks?params=undefined","hostname":"localhost:3080","remoteAddress":"127.0.0.1","remotePort":40206},"msg":"incoming request"}
{"level":30,"time":1690942709261,"pid":2327043,"hostname":"zen3","reqId":"req-2w","res":{"statusCode":204},"responseTime":0.13857203722000122,"msg":"request completed"}
{"level":30,"time":1690942709262,"pid":2327043,"hostname":"zen3","reqId":"req-2x","req":{"method":"GET","url":"/api/query/get_my_tasks?params=undefined","hostname":"localhost:3080","remoteAddress":"127.0.0.1","remotePort":40206},"msg":"incoming request"}
{
  uid: 'ec3c6e254d0b42debd939d9a7bd70012',
  session_key: '2b14549b3c224d48a3dc9b4396530b75',
  created_utc: '2023-08-02T02:11:01.714Z',
  expires_utc: null,
  iat: 1690942261
}
{"level":30,"time":1690942709262,"pid":2327043,"hostname":"zen3","msg":"Handler get_my_tasks needs authorization"}
{"level":30,"time":1690942709266,"pid":2327043,"hostname":"zen3","reqId":"req-2x","res":{"statusCode":200},"responseTime":3.5735859870910645,"msg":"request completed"}
{"level":30,"time":1690943769318,"pid":2327043,"hostname":"zen3","reqId":"req-2y","req":{"method":"OPTIONS","url":"/api/mutation/request_otp","hostname":"localhost:3080","remoteAddress":"127.0.0.1","remotePort":46068},"msg":"incoming request"}
{"level":30,"time":1690943769319,"pid":2327043,"hostname":"zen3","reqId":"req-2y","res":{"statusCode":204},"responseTime":0.2548539638519287,"msg":"request completed"}
{"level":30,"time":1690943769321,"pid":2327043,"hostname":"zen3","reqId":"req-2z","req":{"method":"POST","url":"/api/mutation/request_otp","hostname":"localhost:3080","remoteAddress":"127.0.0.1","remotePort":46068},"msg":"incoming request"}
REQUEST BODY { params: { email: 'leomanzanal@gmail.com' } }
request_otp email=leomanzanal@gmail.com otp=673896 sessionKey=3125352fc3fa416596db1c6efa1a6f5b
request_otp email=leomanzanal@gmail.com otp=673896 sessionKey=3125352fc3fa416596db1c6efa1a6f5b
Email  {
  to: 'leomanzanal@gmail.com',
  from: 'identicon.dao@gmail.com',
  subject: 'Session OTP',
  text: 'Session OTP',
  html: 'Your OTP is <strong>673896</strong>'
}
send email result undefined
{"level":30,"time":1690943769370,"pid":2327043,"hostname":"zen3","reqId":"req-2z","res":{"statusCode":200},"responseTime":48.881425976753235,"msg":"request completed"}
{"level":30,"time":1690943787371,"pid":2327043,"hostname":"zen3","reqId":"req-30","req":{"method":"OPTIONS","url":"/api/mutation/login","hostname":"localhost:3080","remoteAddress":"127.0.0.1","remotePort":46068},"msg":"incoming request"}
{"level":30,"time":1690943787372,"pid":2327043,"hostname":"zen3","reqId":"req-30","res":{"statusCode":204},"responseTime":0.23237395286560059,"msg":"request completed"}
{"level":30,"time":1690943787374,"pid":2327043,"hostname":"zen3","reqId":"req-31","req":{"method":"POST","url":"/api/mutation/login","hostname":"localhost:3080","remoteAddress":"127.0.0.1","remotePort":46068},"msg":"incoming request"}
REQUEST BODY {
  params: { session_key: '3125352fc3fa416596db1c6efa1a6f5b', otp: '673896' }
}
JWT signed= eyJhbGciOiJIUzI1NiIsInR5cCI6IkpXVCJ9.eyJ1aWQiOiJlYzNjNmUyNTRkMGI0MmRlYmQ5MzlkOWE3YmQ3Y2FjYyIsInNlc3Npb25fa2V5IjoiMzEyNTM1MmZjM2ZhNDE2NTk2ZGIxYzZlZmExYTZmNWIiLCJjcmVhdGVkX3V0YyI6IjIwMjMtMDgtMDJUMDI6MzY6MjcuMzc2WiIsImV4cGlyZXNfdXRjIjpudWxsLCJpYXQiOjE2OTA5NDM3ODd9.eHNLU14OSHdEpX7GvAwam42gS0TReGy9IjgHvnd7qxk 2023-08-02T02:36:27.376Z
{"level":30,"time":1690943787376,"pid":2327043,"hostname":"zen3","reqId":"req-31","res":{"statusCode":200},"responseTime":2.5127699971199036,"msg":"request completed"}
{"level":30,"time":1690943787888,"pid":2327043,"hostname":"zen3","reqId":"req-32","req":{"method":"OPTIONS","url":"/api/query/get_my_claimables?params=undefined","hostname":"localhost:3080","remoteAddress":"127.0.0.1","remotePort":46068},"msg":"incoming request"}
{"level":30,"time":1690943787888,"pid":2327043,"hostname":"zen3","reqId":"req-32","res":{"statusCode":204},"responseTime":0.2049030065536499,"msg":"request completed"}
{"level":30,"time":1690943787890,"pid":2327043,"hostname":"zen3","reqId":"req-33","req":{"method":"GET","url":"/api/query/get_my_claimables?params=undefined","hostname":"localhost:3080","remoteAddress":"127.0.0.1","remotePort":46068},"msg":"incoming request"}
{
  uid: 'ec3c6e254d0b42debd939d9a7bd7cacc',
  session_key: '3125352fc3fa416596db1c6efa1a6f5b',
  created_utc: '2023-08-02T02:36:27.376Z',
  expires_utc: null,
  iat: 1690943787
}
{"level":30,"time":1690943787890,"pid":2327043,"hostname":"zen3","msg":"Handler get_my_claimables needs authorization"}
{"level":30,"time":1690943787894,"pid":2327043,"hostname":"zen3","reqId":"req-33","res":{"statusCode":200},"responseTime":4.427980005741119,"msg":"request completed"}
{"level":30,"time":1690943787898,"pid":2327043,"hostname":"zen3","reqId":"req-34","req":{"method":"OPTIONS","url":"/api/query/get_my_credentials?params=undefined","hostname":"localhost:3080","remoteAddress":"127.0.0.1","remotePort":46068},"msg":"incoming request"}
{"level":30,"time":1690943787898,"pid":2327043,"hostname":"zen3","reqId":"req-34","res":{"statusCode":204},"responseTime":0.14530199766159058,"msg":"request completed"}
{"level":30,"time":1690943787900,"pid":2327043,"hostname":"zen3","reqId":"req-35","req":{"method":"GET","url":"/api/query/get_my_credentials?params=undefined","hostname":"localhost:3080","remoteAddress":"127.0.0.1","remotePort":46068},"msg":"incoming request"}
{
  uid: 'ec3c6e254d0b42debd939d9a7bd7cacc',
  session_key: '3125352fc3fa416596db1c6efa1a6f5b',
  created_utc: '2023-08-02T02:36:27.376Z',
  expires_utc: null,
  iat: 1690943787
}
{"level":30,"time":1690943787900,"pid":2327043,"hostname":"zen3","msg":"Handler get_my_credentials needs authorization"}
{"level":30,"time":1690943787902,"pid":2327043,"hostname":"zen3","reqId":"req-35","res":{"statusCode":200},"responseTime":1.9515509605407715,"msg":"request completed"}
{"level":30,"time":1690943787906,"pid":2327043,"hostname":"zen3","reqId":"req-36","req":{"method":"OPTIONS","url":"/api/query/get_my_claims?params=undefined","hostname":"localhost:3080","remoteAddress":"127.0.0.1","remotePort":46068},"msg":"incoming request"}
{"level":30,"time":1690943787906,"pid":2327043,"hostname":"zen3","reqId":"req-36","res":{"statusCode":204},"responseTime":0.14267200231552124,"msg":"request completed"}
{"level":30,"time":1690943787907,"pid":2327043,"hostname":"zen3","reqId":"req-37","req":{"method":"GET","url":"/api/query/get_my_claims?params=undefined","hostname":"localhost:3080","remoteAddress":"127.0.0.1","remotePort":46068},"msg":"incoming request"}
{
  uid: 'ec3c6e254d0b42debd939d9a7bd7cacc',
  session_key: '3125352fc3fa416596db1c6efa1a6f5b',
  created_utc: '2023-08-02T02:36:27.376Z',
  expires_utc: null,
  iat: 1690943787
}
{"level":30,"time":1690943787907,"pid":2327043,"hostname":"zen3","msg":"Handler get_my_claims needs authorization"}
{"level":30,"time":1690943787911,"pid":2327043,"hostname":"zen3","reqId":"req-37","res":{"statusCode":200},"responseTime":3.608318030834198,"msg":"request completed"}
{"level":30,"time":1690943787914,"pid":2327043,"hostname":"zen3","reqId":"req-38","req":{"method":"OPTIONS","url":"/api/query/get_my_communities?params={}","hostname":"localhost:3080","remoteAddress":"127.0.0.1","remotePort":46068},"msg":"incoming request"}
{"level":30,"time":1690943787915,"pid":2327043,"hostname":"zen3","reqId":"req-38","res":{"statusCode":204},"responseTime":0.14516204595565796,"msg":"request completed"}
{"level":30,"time":1690943787916,"pid":2327043,"hostname":"zen3","reqId":"req-39","req":{"method":"GET","url":"/api/query/get_my_communities?params={}","hostname":"localhost:3080","remoteAddress":"127.0.0.1","remotePort":46068},"msg":"incoming request"}
{
  uid: 'ec3c6e254d0b42debd939d9a7bd7cacc',
  session_key: '3125352fc3fa416596db1c6efa1a6f5b',
  created_utc: '2023-08-02T02:36:27.376Z',
  expires_utc: null,
  iat: 1690943787
}
{"level":30,"time":1690943787916,"pid":2327043,"hostname":"zen3","msg":"Handler get_my_communities needs authorization"}
{"level":30,"time":1690943787918,"pid":2327043,"hostname":"zen3","reqId":"req-39","res":{"statusCode":200},"responseTime":1.7749279737472534,"msg":"request completed"}
{"level":30,"time":1690943787921,"pid":2327043,"hostname":"zen3","reqId":"req-3a","req":{"method":"OPTIONS","url":"/api/query/get_all_communities?params={%22notJoined%22:true}","hostname":"localhost:3080","remoteAddress":"127.0.0.1","remotePort":46068},"msg":"incoming request"}
{"level":30,"time":1690943787921,"pid":2327043,"hostname":"zen3","reqId":"req-3a","res":{"statusCode":204},"responseTime":0.14652204513549805,"msg":"request completed"}
{"level":30,"time":1690943787923,"pid":2327043,"hostname":"zen3","reqId":"req-3b","req":{"method":"GET","url":"/api/query/get_all_communities?params={%22notJoined%22:true}","hostname":"localhost:3080","remoteAddress":"127.0.0.1","remotePort":46068},"msg":"incoming request"}
{
  uid: 'ec3c6e254d0b42debd939d9a7bd7cacc',
  session_key: '3125352fc3fa416596db1c6efa1a6f5b',
  created_utc: '2023-08-02T02:36:27.376Z',
  expires_utc: null,
  iat: 1690943787
}
{"level":30,"time":1690943787923,"pid":2327043,"hostname":"zen3","msg":"Handler get_all_communities needs authorization"}
{"level":30,"time":1690943787924,"pid":2327043,"hostname":"zen3","reqId":"req-3b","res":{"statusCode":200},"responseTime":1.737108051776886,"msg":"request completed"}
{"level":30,"time":1690943787927,"pid":2327043,"hostname":"zen3","reqId":"req-3c","req":{"method":"OPTIONS","url":"/api/query/get_all_communities?params=undefined","hostname":"localhost:3080","remoteAddress":"127.0.0.1","remotePort":46068},"msg":"incoming request"}
{"level":30,"time":1690943787927,"pid":2327043,"hostname":"zen3","reqId":"req-3c","res":{"statusCode":204},"responseTime":0.12914204597473145,"msg":"request completed"}
{"level":30,"time":1690943787929,"pid":2327043,"hostname":"zen3","reqId":"req-3d","req":{"method":"GET","url":"/api/query/get_all_communities?params=undefined","hostname":"localhost:3080","remoteAddress":"127.0.0.1","remotePort":46068},"msg":"incoming request"}
{
  uid: 'ec3c6e254d0b42debd939d9a7bd7cacc',
  session_key: '3125352fc3fa416596db1c6efa1a6f5b',
  created_utc: '2023-08-02T02:36:27.376Z',
  expires_utc: null,
  iat: 1690943787
}
{"level":30,"time":1690943787929,"pid":2327043,"hostname":"zen3","msg":"Handler get_all_communities needs authorization"}
{"level":30,"time":1690943787930,"pid":2327043,"hostname":"zen3","reqId":"req-3d","res":{"statusCode":200},"responseTime":1.6346750259399414,"msg":"request completed"}
{"level":30,"time":1690943787933,"pid":2327043,"hostname":"zen3","reqId":"req-3e","req":{"method":"OPTIONS","url":"/api/query/get_my_tasks?params=undefined","hostname":"localhost:3080","remoteAddress":"127.0.0.1","remotePort":46068},"msg":"incoming request"}
{"level":30,"time":1690943787933,"pid":2327043,"hostname":"zen3","reqId":"req-3e","res":{"statusCode":204},"responseTime":0.12879198789596558,"msg":"request completed"}
{"level":30,"time":1690943787935,"pid":2327043,"hostname":"zen3","reqId":"req-3f","req":{"method":"GET","url":"/api/query/get_my_tasks?params=undefined","hostname":"localhost:3080","remoteAddress":"127.0.0.1","remotePort":46068},"msg":"incoming request"}
{
  uid: 'ec3c6e254d0b42debd939d9a7bd7cacc',
  session_key: '3125352fc3fa416596db1c6efa1a6f5b',
  created_utc: '2023-08-02T02:36:27.376Z',
  expires_utc: null,
  iat: 1690943787
}
{"level":30,"time":1690943787935,"pid":2327043,"hostname":"zen3","msg":"Handler get_my_tasks needs authorization"}
{"level":30,"time":1690943787938,"pid":2327043,"hostname":"zen3","reqId":"req-3f","res":{"statusCode":200},"responseTime":3.2534019947052,"msg":"request completed"}
{"level":30,"time":1690943796202,"pid":2327043,"hostname":"zen3","reqId":"req-3g","req":{"method":"OPTIONS","url":"/api/query/get_profile?params={}","hostname":"localhost:3080","remoteAddress":"127.0.0.1","remotePort":46068},"msg":"incoming request"}
{"level":30,"time":1690943796203,"pid":2327043,"hostname":"zen3","reqId":"req-3g","res":{"statusCode":204},"responseTime":0.25326400995254517,"msg":"request completed"}
{"level":30,"time":1690943796204,"pid":2327043,"hostname":"zen3","reqId":"req-3h","req":{"method":"GET","url":"/api/query/get_profile?params={}","hostname":"localhost:3080","remoteAddress":"127.0.0.1","remotePort":46068},"msg":"incoming request"}
{
  uid: 'ec3c6e254d0b42debd939d9a7bd7cacc',
  session_key: '3125352fc3fa416596db1c6efa1a6f5b',
  created_utc: '2023-08-02T02:36:27.376Z',
  expires_utc: null,
  iat: 1690943787
}
{"level":30,"time":1690943796204,"pid":2327043,"hostname":"zen3","msg":"Handler get_profile needs authorization"}
{"level":30,"time":1690943796206,"pid":2327043,"hostname":"zen3","reqId":"req-3h","res":{"statusCode":200},"responseTime":1.9533109664916992,"msg":"request completed"}
{"level":30,"time":1690943796277,"pid":2327043,"hostname":"zen3","reqId":"req-3i","req":{"method":"OPTIONS","url":"/api/query/get_my_claimables?params=undefined","hostname":"localhost:3080","remoteAddress":"127.0.0.1","remotePort":46068},"msg":"incoming request"}
{"level":30,"time":1690943796277,"pid":2327043,"hostname":"zen3","reqId":"req-3i","res":{"statusCode":204},"responseTime":0.1831030249595642,"msg":"request completed"}
{"level":30,"time":1690943796278,"pid":2327043,"hostname":"zen3","reqId":"req-3j","req":{"method":"GET","url":"/api/query/get_my_claimables?params=undefined","hostname":"localhost:3080","remoteAddress":"127.0.0.1","remotePort":46068},"msg":"incoming request"}
{
  uid: 'ec3c6e254d0b42debd939d9a7bd7cacc',
  session_key: '3125352fc3fa416596db1c6efa1a6f5b',
  created_utc: '2023-08-02T02:36:27.376Z',
  expires_utc: null,
  iat: 1690943787
}
{"level":30,"time":1690943796278,"pid":2327043,"hostname":"zen3","msg":"Handler get_my_claimables needs authorization"}
{"level":30,"time":1690943796280,"pid":2327043,"hostname":"zen3","reqId":"req-3j","res":{"statusCode":200},"responseTime":2.648380994796753,"msg":"request completed"}
{"level":30,"time":1690943796283,"pid":2327043,"hostname":"zen3","reqId":"req-3k","req":{"method":"OPTIONS","url":"/api/query/get_my_credentials?params=undefined","hostname":"localhost:3080","remoteAddress":"127.0.0.1","remotePort":46068},"msg":"incoming request"}
{"level":30,"time":1690943796283,"pid":2327043,"hostname":"zen3","reqId":"req-3k","res":{"statusCode":204},"responseTime":0.1271120309829712,"msg":"request completed"}
{"level":30,"time":1690943796285,"pid":2327043,"hostname":"zen3","reqId":"req-3l","req":{"method":"GET","url":"/api/query/get_my_credentials?params=undefined","hostname":"localhost:3080","remoteAddress":"127.0.0.1","remotePort":46068},"msg":"incoming request"}
{
  uid: 'ec3c6e254d0b42debd939d9a7bd7cacc',
  session_key: '3125352fc3fa416596db1c6efa1a6f5b',
  created_utc: '2023-08-02T02:36:27.376Z',
  expires_utc: null,
  iat: 1690943787
}
{"level":30,"time":1690943796285,"pid":2327043,"hostname":"zen3","msg":"Handler get_my_credentials needs authorization"}
{"level":30,"time":1690943796286,"pid":2327043,"hostname":"zen3","reqId":"req-3l","res":{"statusCode":200},"responseTime":1.2289789915084839,"msg":"request completed"}
{"level":30,"time":1690943796288,"pid":2327043,"hostname":"zen3","reqId":"req-3m","req":{"method":"OPTIONS","url":"/api/query/get_my_claims?params=undefined","hostname":"localhost:3080","remoteAddress":"127.0.0.1","remotePort":46068},"msg":"incoming request"}
{"level":30,"time":1690943796288,"pid":2327043,"hostname":"zen3","reqId":"req-3m","res":{"statusCode":204},"responseTime":0.11641198396682739,"msg":"request completed"}
{"level":30,"time":1690943796289,"pid":2327043,"hostname":"zen3","reqId":"req-3n","req":{"method":"GET","url":"/api/query/get_my_claims?params=undefined","hostname":"localhost:3080","remoteAddress":"127.0.0.1","remotePort":46068},"msg":"incoming request"}
{
  uid: 'ec3c6e254d0b42debd939d9a7bd7cacc',
  session_key: '3125352fc3fa416596db1c6efa1a6f5b',
  created_utc: '2023-08-02T02:36:27.376Z',
  expires_utc: null,
  iat: 1690943787
}
{"level":30,"time":1690943796290,"pid":2327043,"hostname":"zen3","msg":"Handler get_my_claims needs authorization"}
{"level":30,"time":1690943796292,"pid":2327043,"hostname":"zen3","reqId":"req-3n","res":{"statusCode":200},"responseTime":2.1763139963150024,"msg":"request completed"}
{"level":30,"time":1690943796294,"pid":2327043,"hostname":"zen3","reqId":"req-3o","req":{"method":"OPTIONS","url":"/api/query/get_my_communities?params={}","hostname":"localhost:3080","remoteAddress":"127.0.0.1","remotePort":46068},"msg":"incoming request"}
{"level":30,"time":1690943796294,"pid":2327043,"hostname":"zen3","reqId":"req-3o","res":{"statusCode":204},"responseTime":0.11817198991775513,"msg":"request completed"}
{"level":30,"time":1690943796295,"pid":2327043,"hostname":"zen3","reqId":"req-3p","req":{"method":"GET","url":"/api/query/get_my_communities?params={}","hostname":"localhost:3080","remoteAddress":"127.0.0.1","remotePort":46068},"msg":"incoming request"}
{
  uid: 'ec3c6e254d0b42debd939d9a7bd7cacc',
  session_key: '3125352fc3fa416596db1c6efa1a6f5b',
  created_utc: '2023-08-02T02:36:27.376Z',
  expires_utc: null,
  iat: 1690943787
}
{"level":30,"time":1690943796295,"pid":2327043,"hostname":"zen3","msg":"Handler get_my_communities needs authorization"}
{"level":30,"time":1690943796296,"pid":2327043,"hostname":"zen3","reqId":"req-3p","res":{"statusCode":200},"responseTime":1.1893979907035828,"msg":"request completed"}
{"level":30,"time":1690943796299,"pid":2327043,"hostname":"zen3","reqId":"req-3q","req":{"method":"OPTIONS","url":"/api/query/get_all_communities?params={%22notJoined%22:true}","hostname":"localhost:3080","remoteAddress":"127.0.0.1","remotePort":46068},"msg":"incoming request"}
{"level":30,"time":1690943796299,"pid":2327043,"hostname":"zen3","reqId":"req-3q","res":{"statusCode":204},"responseTime":0.10423201322555542,"msg":"request completed"}
{"level":30,"time":1690943796300,"pid":2327043,"hostname":"zen3","reqId":"req-3r","req":{"method":"GET","url":"/api/query/get_all_communities?params={%22notJoined%22:true}","hostname":"localhost:3080","remoteAddress":"127.0.0.1","remotePort":46068},"msg":"incoming request"}
{
  uid: 'ec3c6e254d0b42debd939d9a7bd7cacc',
  session_key: '3125352fc3fa416596db1c6efa1a6f5b',
  created_utc: '2023-08-02T02:36:27.376Z',
  expires_utc: null,
  iat: 1690943787
}
{"level":30,"time":1690943796300,"pid":2327043,"hostname":"zen3","msg":"Handler get_all_communities needs authorization"}
{"level":30,"time":1690943796301,"pid":2327043,"hostname":"zen3","reqId":"req-3r","res":{"statusCode":200},"responseTime":1.1071879863739014,"msg":"request completed"}
{"level":30,"time":1690943796303,"pid":2327043,"hostname":"zen3","reqId":"req-3s","req":{"method":"OPTIONS","url":"/api/query/get_all_communities?params=undefined","hostname":"localhost:3080","remoteAddress":"127.0.0.1","remotePort":46068},"msg":"incoming request"}
{"level":30,"time":1690943796303,"pid":2327043,"hostname":"zen3","reqId":"req-3s","res":{"statusCode":204},"responseTime":0.12003201246261597,"msg":"request completed"}
{"level":30,"time":1690943796305,"pid":2327043,"hostname":"zen3","reqId":"req-3t","req":{"method":"GET","url":"/api/query/get_all_communities?params=undefined","hostname":"localhost:3080","remoteAddress":"127.0.0.1","remotePort":46068},"msg":"incoming request"}
{
  uid: 'ec3c6e254d0b42debd939d9a7bd7cacc',
  session_key: '3125352fc3fa416596db1c6efa1a6f5b',
  created_utc: '2023-08-02T02:36:27.376Z',
  expires_utc: null,
  iat: 1690943787
}
{"level":30,"time":1690943796305,"pid":2327043,"hostname":"zen3","msg":"Handler get_all_communities needs authorization"}
{"level":30,"time":1690943796306,"pid":2327043,"hostname":"zen3","reqId":"req-3t","res":{"statusCode":200},"responseTime":1.3098610043525696,"msg":"request completed"}
{"level":30,"time":1690943796308,"pid":2327043,"hostname":"zen3","reqId":"req-3u","req":{"method":"OPTIONS","url":"/api/query/get_my_tasks?params=undefined","hostname":"localhost:3080","remoteAddress":"127.0.0.1","remotePort":46068},"msg":"incoming request"}
{"level":30,"time":1690943796308,"pid":2327043,"hostname":"zen3","reqId":"req-3u","res":{"statusCode":204},"responseTime":0.0927019715309143,"msg":"request completed"}
{"level":30,"time":1690943796309,"pid":2327043,"hostname":"zen3","reqId":"req-3v","req":{"method":"GET","url":"/api/query/get_my_tasks?params=undefined","hostname":"localhost:3080","remoteAddress":"127.0.0.1","remotePort":46068},"msg":"incoming request"}
{
  uid: 'ec3c6e254d0b42debd939d9a7bd7cacc',
  session_key: '3125352fc3fa416596db1c6efa1a6f5b',
  created_utc: '2023-08-02T02:36:27.376Z',
  expires_utc: null,
  iat: 1690943787
}
{"level":30,"time":1690943796309,"pid":2327043,"hostname":"zen3","msg":"Handler get_my_tasks needs authorization"}
{"level":30,"time":1690943796311,"pid":2327043,"hostname":"zen3","reqId":"req-3v","res":{"statusCode":200},"responseTime":1.9567509889602661,"msg":"request completed"}
{"level":30,"time":1690943862484,"pid":2327043,"hostname":"zen3","reqId":"req-3w","req":{"method":"OPTIONS","url":"/api/query/get_credential?params={%22uid%22:%22caaaaff63a48400a9ce57f3ad6960001%22}","hostname":"localhost:3080","remoteAddress":"127.0.0.1","remotePort":46068},"msg":"incoming request"}
{"level":30,"time":1690943862484,"pid":2327043,"hostname":"zen3","reqId":"req-3w","res":{"statusCode":204},"responseTime":0.2724440097808838,"msg":"request completed"}
{"level":30,"time":1690943862486,"pid":2327043,"hostname":"zen3","reqId":"req-3x","req":{"method":"GET","url":"/api/query/get_credential?params={%22uid%22:%22caaaaff63a48400a9ce57f3ad6960001%22}","hostname":"localhost:3080","remoteAddress":"127.0.0.1","remotePort":46068},"msg":"incoming request"}
{"level":30,"time":1690943862488,"pid":2327043,"hostname":"zen3","reqId":"req-3x","res":{"statusCode":200},"responseTime":2.0589030385017395,"msg":"request completed"}
{"level":30,"time":1690943895503,"pid":2327043,"hostname":"zen3","reqId":"req-3y","req":{"method":"OPTIONS","url":"/api/query/get_my_claimables?params=undefined","hostname":"localhost:3080","remoteAddress":"127.0.0.1","remotePort":46068},"msg":"incoming request"}
{"level":30,"time":1690943895504,"pid":2327043,"hostname":"zen3","reqId":"req-3y","res":{"statusCode":204},"responseTime":0.18274199962615967,"msg":"request completed"}
{"level":30,"time":1690943895505,"pid":2327043,"hostname":"zen3","reqId":"req-3z","req":{"method":"GET","url":"/api/query/get_my_claimables?params=undefined","hostname":"localhost:3080","remoteAddress":"127.0.0.1","remotePort":46068},"msg":"incoming request"}
{
  uid: 'ec3c6e254d0b42debd939d9a7bd7cacc',
  session_key: '3125352fc3fa416596db1c6efa1a6f5b',
  created_utc: '2023-08-02T02:36:27.376Z',
  expires_utc: null,
  iat: 1690943787
}
{"level":30,"time":1690943895505,"pid":2327043,"hostname":"zen3","msg":"Handler get_my_claimables needs authorization"}
{"level":30,"time":1690943895508,"pid":2327043,"hostname":"zen3","reqId":"req-3z","res":{"statusCode":200},"responseTime":2.643082022666931,"msg":"request completed"}
{"level":30,"time":1690943895511,"pid":2327043,"hostname":"zen3","reqId":"req-40","req":{"method":"OPTIONS","url":"/api/query/get_my_credentials?params=undefined","hostname":"localhost:3080","remoteAddress":"127.0.0.1","remotePort":46068},"msg":"incoming request"}
{"level":30,"time":1690943895511,"pid":2327043,"hostname":"zen3","reqId":"req-40","res":{"statusCode":204},"responseTime":0.11981201171875,"msg":"request completed"}
{"level":30,"time":1690943895512,"pid":2327043,"hostname":"zen3","reqId":"req-41","req":{"method":"GET","url":"/api/query/get_my_credentials?params=undefined","hostname":"localhost:3080","remoteAddress":"127.0.0.1","remotePort":46068},"msg":"incoming request"}
{
  uid: 'ec3c6e254d0b42debd939d9a7bd7cacc',
  session_key: '3125352fc3fa416596db1c6efa1a6f5b',
  created_utc: '2023-08-02T02:36:27.376Z',
  expires_utc: null,
  iat: 1690943787
}
{"level":30,"time":1690943895513,"pid":2327043,"hostname":"zen3","msg":"Handler get_my_credentials needs authorization"}
{"level":30,"time":1690943895514,"pid":2327043,"hostname":"zen3","reqId":"req-41","res":{"statusCode":200},"responseTime":1.1704390048980713,"msg":"request completed"}
{"level":30,"time":1690943895516,"pid":2327043,"hostname":"zen3","reqId":"req-42","req":{"method":"OPTIONS","url":"/api/query/get_my_claims?params=undefined","hostname":"localhost:3080","remoteAddress":"127.0.0.1","remotePort":46068},"msg":"incoming request"}
{"level":30,"time":1690943895517,"pid":2327043,"hostname":"zen3","reqId":"req-42","res":{"statusCode":204},"responseTime":0.10215198993682861,"msg":"request completed"}
{"level":30,"time":1690943895518,"pid":2327043,"hostname":"zen3","reqId":"req-43","req":{"method":"GET","url":"/api/query/get_my_claims?params=undefined","hostname":"localhost:3080","remoteAddress":"127.0.0.1","remotePort":46068},"msg":"incoming request"}
{
  uid: 'ec3c6e254d0b42debd939d9a7bd7cacc',
  session_key: '3125352fc3fa416596db1c6efa1a6f5b',
  created_utc: '2023-08-02T02:36:27.376Z',
  expires_utc: null,
  iat: 1690943787
}
{"level":30,"time":1690943895518,"pid":2327043,"hostname":"zen3","msg":"Handler get_my_claims needs authorization"}
{"level":30,"time":1690943895520,"pid":2327043,"hostname":"zen3","reqId":"req-43","res":{"statusCode":200},"responseTime":1.928530991077423,"msg":"request completed"}
{"level":30,"time":1690943895523,"pid":2327043,"hostname":"zen3","reqId":"req-44","req":{"method":"OPTIONS","url":"/api/query/get_my_communities?params={}","hostname":"localhost:3080","remoteAddress":"127.0.0.1","remotePort":46068},"msg":"incoming request"}
{"level":30,"time":1690943895523,"pid":2327043,"hostname":"zen3","reqId":"req-44","res":{"statusCode":204},"responseTime":0.08177196979522705,"msg":"request completed"}
{"level":30,"time":1690943895524,"pid":2327043,"hostname":"zen3","reqId":"req-45","req":{"method":"GET","url":"/api/query/get_my_communities?params={}","hostname":"localhost:3080","remoteAddress":"127.0.0.1","remotePort":46068},"msg":"incoming request"}
{
  uid: 'ec3c6e254d0b42debd939d9a7bd7cacc',
  session_key: '3125352fc3fa416596db1c6efa1a6f5b',
  created_utc: '2023-08-02T02:36:27.376Z',
  expires_utc: null,
  iat: 1690943787
}
{"level":30,"time":1690943895524,"pid":2327043,"hostname":"zen3","msg":"Handler get_my_communities needs authorization"}
{"level":30,"time":1690943895525,"pid":2327043,"hostname":"zen3","reqId":"req-45","res":{"statusCode":200},"responseTime":1.3402220010757446,"msg":"request completed"}
{"level":30,"time":1690943895528,"pid":2327043,"hostname":"zen3","reqId":"req-46","req":{"method":"OPTIONS","url":"/api/query/get_all_communities?params={%22notJoined%22:true}","hostname":"localhost:3080","remoteAddress":"127.0.0.1","remotePort":46068},"msg":"incoming request"}
{"level":30,"time":1690943895528,"pid":2327043,"hostname":"zen3","reqId":"req-46","res":{"statusCode":204},"responseTime":0.08221197128295898,"msg":"request completed"}
{"level":30,"time":1690943895529,"pid":2327043,"hostname":"zen3","reqId":"req-47","req":{"method":"GET","url":"/api/query/get_all_communities?params={%22notJoined%22:true}","hostname":"localhost:3080","remoteAddress":"127.0.0.1","remotePort":46068},"msg":"incoming request"}
{
  uid: 'ec3c6e254d0b42debd939d9a7bd7cacc',
  session_key: '3125352fc3fa416596db1c6efa1a6f5b',
  created_utc: '2023-08-02T02:36:27.376Z',
  expires_utc: null,
  iat: 1690943787
}
{"level":30,"time":1690943895529,"pid":2327043,"hostname":"zen3","msg":"Handler get_all_communities needs authorization"}
{"level":30,"time":1690943895530,"pid":2327043,"hostname":"zen3","reqId":"req-47","res":{"statusCode":200},"responseTime":1.100426971912384,"msg":"request completed"}
{"level":30,"time":1690943895532,"pid":2327043,"hostname":"zen3","reqId":"req-48","req":{"method":"OPTIONS","url":"/api/query/get_all_communities?params=undefined","hostname":"localhost:3080","remoteAddress":"127.0.0.1","remotePort":46068},"msg":"incoming request"}
{"level":30,"time":1690943895533,"pid":2327043,"hostname":"zen3","reqId":"req-48","res":{"statusCode":204},"responseTime":0.08737099170684814,"msg":"request completed"}
{"level":30,"time":1690943895534,"pid":2327043,"hostname":"zen3","reqId":"req-49","req":{"method":"GET","url":"/api/query/get_all_communities?params=undefined","hostname":"localhost:3080","remoteAddress":"127.0.0.1","remotePort":46068},"msg":"incoming request"}
{
  uid: 'ec3c6e254d0b42debd939d9a7bd7cacc',
  session_key: '3125352fc3fa416596db1c6efa1a6f5b',
  created_utc: '2023-08-02T02:36:27.376Z',
  expires_utc: null,
  iat: 1690943787
}
{"level":30,"time":1690943895534,"pid":2327043,"hostname":"zen3","msg":"Handler get_all_communities needs authorization"}
{"level":30,"time":1690943895535,"pid":2327043,"hostname":"zen3","reqId":"req-49","res":{"statusCode":200},"responseTime":1.0894970297813416,"msg":"request completed"}
{"level":30,"time":1690943895537,"pid":2327043,"hostname":"zen3","reqId":"req-4a","req":{"method":"OPTIONS","url":"/api/query/get_my_tasks?params=undefined","hostname":"localhost:3080","remoteAddress":"127.0.0.1","remotePort":46068},"msg":"incoming request"}
{"level":30,"time":1690943895537,"pid":2327043,"hostname":"zen3","reqId":"req-4a","res":{"statusCode":204},"responseTime":0.10805201530456543,"msg":"request completed"}
{"level":30,"time":1690943895539,"pid":2327043,"hostname":"zen3","reqId":"req-4b","req":{"method":"GET","url":"/api/query/get_my_tasks?params=undefined","hostname":"localhost:3080","remoteAddress":"127.0.0.1","remotePort":46068},"msg":"incoming request"}
{
  uid: 'ec3c6e254d0b42debd939d9a7bd7cacc',
  session_key: '3125352fc3fa416596db1c6efa1a6f5b',
  created_utc: '2023-08-02T02:36:27.376Z',
  expires_utc: null,
  iat: 1690943787
}
{"level":30,"time":1690943895539,"pid":2327043,"hostname":"zen3","msg":"Handler get_my_tasks needs authorization"}
{"level":30,"time":1690943895541,"pid":2327043,"hostname":"zen3","reqId":"req-4b","res":{"statusCode":200},"responseTime":1.960440993309021,"msg":"request completed"}
{"level":30,"time":1690943900322,"pid":2327043,"hostname":"zen3","reqId":"req-4c","req":{"method":"OPTIONS","url":"/api/query/get_credential?uid=caaaaff63a48400a9ce57f3ad6960001","hostname":"localhost:3080","remoteAddress":"127.0.0.1","remotePort":41662},"msg":"incoming request"}
{"level":30,"time":1690943900323,"pid":2327043,"hostname":"zen3","reqId":"req-4c","res":{"statusCode":204},"responseTime":0.2362939715385437,"msg":"request completed"}
{"level":30,"time":1690943900324,"pid":2327043,"hostname":"zen3","reqId":"req-4d","req":{"method":"GET","url":"/api/query/get_credential?uid=caaaaff63a48400a9ce57f3ad6960001","hostname":"localhost:3080","remoteAddress":"127.0.0.1","remotePort":41662},"msg":"incoming request"}
{"level":50,"time":1690943900329,"pid":2327043,"hostname":"zen3","msg":"queryRoutes get_credential Error=PrismaClientValidationError: \nInvalid `prisma.credential.findUnique()` invocation:\n\n{\n  where: {\n    uid: undefined,\n?   AND?: CredentialWhereInput | CredentialWhereInput[],\n?   OR?: CredentialWhereInput[],\n?   NOT?: CredentialWhereInput | CredentialWhereInput[],\n?   accountId?: StringFilter | String,\n?   applicantId?: StringFilter | String,\n?   claimId?: StringFilter | String,\n?   applicantUid?: StringFilter | String,\n?   communityUid?: StringFilter | String,\n?   claimUid?: StringFilter | String,\n?   type?: StringNullableFilter | String | Null,\n?   description?: StringNullableFilter | String | Null,\n?   community?: StringNullableFilter | String | Null,\n?   image?: StringNullableFilter | String | Null,\n?   alias?: StringNullableFilter | String | Null,\n?   stars?: IntNullableFilter | Int | Null,\n?   metadata?: StringNullableFilter | String | Null,\n?   revocable?: BoolNullableFilter | Boolean | Null,\n?   issuedUTC?: DateTimeNullableFilter | DateTime | Null,\n?   expiresUTC?: DateTimeNullableFilter | DateTime | Null\n  }\n}\n\nArgument `where` of type CredentialWhereUniqueInput needs at least one of `uid` or `uid` arguments. Available options are listed in green."}
{"level":50,"time":1690943900329,"pid":2327043,"hostname":"zen3","msg":"Error 500: Unknown error in 'get_credential': params={}"}
{"level":30,"time":1690943900329,"pid":2327043,"hostname":"zen3","reqId":"req-4d","res":{"statusCode":500},"responseTime":4.6848649978637695,"msg":"request completed"}
{"level":30,"time":1690945022512,"pid":2327043,"hostname":"zen3","reqId":"req-4e","req":{"method":"OPTIONS","url":"/api/query/get_credential?params={%22uid%22:%22caaaaff63a48400a9ce57f3ad6960001%22}","hostname":"localhost:3080","remoteAddress":"127.0.0.1","remotePort":39246},"msg":"incoming request"}
{"level":30,"time":1690945022512,"pid":2327043,"hostname":"zen3","reqId":"req-4e","res":{"statusCode":204},"responseTime":0.17759299278259277,"msg":"request completed"}
{"level":30,"time":1690945022514,"pid":2327043,"hostname":"zen3","reqId":"req-4f","req":{"method":"GET","url":"/api/query/get_credential?params={%22uid%22:%22caaaaff63a48400a9ce57f3ad6960001%22}","hostname":"localhost:3080","remoteAddress":"127.0.0.1","remotePort":39246},"msg":"incoming request"}
{"level":30,"time":1690945022553,"pid":2327043,"hostname":"zen3","reqId":"req-4f","res":{"statusCode":200},"responseTime":39.623429000377655,"msg":"request completed"}
